# JRE version: Java(TM) SE Runtime Environment (8.0-b132) (build 1.8.0-b132)
# Java VM: Java HotSpot(TM) 64-Bit Server VM (25.0-b70 mixed mode windows-amd64 compressed oops)
Heap:
 PSYoungGen      total 7680K, used 4067K [0x00000000d6f00000, 0x00000000d7800000, 0x0000000100000000)
  eden space 6144K, 63% used [0x00000000d6f00000,0x00000000d72d0e60,0x00000000d7500000)
  from space 1536K, 10% used [0x00000000d7680000,0x00000000d76a8000,0x00000000d7800000)
  to   space 1536K, 0% used [0x00000000d7500000,0x00000000d7500000,0x00000000d7680000)
 ParOldGen       total 125440K, used 2533K [0x0000000084c00000, 0x000000008c680000, 0x00000000d6f00000)
  object space 125440K, 2% used [0x0000000084c00000,0x0000000084e79490,0x000000008c680000)
 Metaspace       used 12341K, capacity 12398K, committed 12544K, reserved 1060864K
  class space    used 1464K, capacity 1493K, committed 1536K, reserved 1048576K
GC Heap History (10 events):
Event: 17.243 GC heap before
{Heap before GC invocations=10 (full 0):
 PSYoungGen      total 3072K, used 2898K [0x00000000d6f00000, 0x00000000d7480000, 0x0000000100000000)
  eden space 2048K, 100% used [0x00000000d6f00000,0x00000000d7100000,0x00000000d7100000)
  from space 1024K, 83% used [0x00000000d7100000,0x00000000d71d4958,0x00000000d7200000)
  to   space 1024K, 0% used [0x00000000d7380000,0x00000000d7380000,0x00000000d7480000)
 ParOldGen       total 125440K, used 1393K [0x0000000084c00000, 0x000000008c680000, 0x00000000d6f00000)
  object space 125440K, 1% used [0x0000000084c00000,0x0000000084d5c470,0x000000008c680000)
 Metaspace       used 10322K, capacity 10382K, committed 10496K, reserved 1058816K
  class space    used 1228K, capacity 1269K, committed 1280K, reserved 1048576K
Event: 17.245 GC heap after
Heap after GC invocations=10 (full 0):
 PSYoungGen      total 4608K, used 722K [0x00000000d6f00000, 0x00000000d7480000, 0x0000000100000000)
  eden space 3584K, 0% used [0x00000000d6f00000,0x00000000d6f00000,0x00000000d7280000)
  from space 1024K, 70% used [0x00000000d7380000,0x00000000d74349b8,0x00000000d7480000)
  to   space 1024K, 0% used [0x00000000d7280000,0x00000000d7280000,0x00000000d7380000)
 ParOldGen       total 125440K, used 1801K [0x0000000084c00000, 0x000000008c680000, 0x00000000d6f00000)
  object space 125440K, 1% used [0x0000000084c00000,0x0000000084dc2480,0x000000008c680000)
 Metaspace       used 10322K, capacity 10382K, committed 10496K, reserved 1058816K
  class space    used 1228K, capacity 1269K, committed 1280K, reserved 1048576K
}
Event: 19.912 GC heap before
{Heap before GC invocations=11 (full 0):
 PSYoungGen      total 4608K, used 4306K [0x00000000d6f00000, 0x00000000d7480000, 0x0000000100000000)
  eden space 3584K, 100% used [0x00000000d6f00000,0x00000000d7280000,0x00000000d7280000)
  from space 1024K, 70% used [0x00000000d7380000,0x00000000d74349b8,0x00000000d7480000)
  to   space 1024K, 0% used [0x00000000d7280000,0x00000000d7280000,0x00000000d7380000)
 ParOldGen       total 125440K, used 1801K [0x0000000084c00000, 0x000000008c680000, 0x00000000d6f00000)
  object space 125440K, 1% used [0x0000000084c00000,0x0000000084dc2480,0x000000008c680000)
 Metaspace       used 12252K, capacity 12398K, committed 12544K, reserved 1060864K
  class space    used 1459K, capacity 1493K, committed 1536K, reserved 1048576K
Event: 19.914 GC heap after
Heap after GC invocations=11 (full 0):
 PSYoungGen      total 4608K, used 571K [0x00000000d6f00000, 0x00000000d7700000, 0x0000000100000000)
  eden space 3584K, 0% used [0x00000000d6f00000,0x00000000d6f00000,0x00000000d7280000)
  from space 1024K, 55% used [0x00000000d7280000,0x00000000d730ecc0,0x00000000d7380000)
  to   space 1024K, 0% used [0x00000000d7600000,0x00000000d7600000,0x00000000d7700000)
 ParOldGen       total 125440K, used 2189K [0x0000000084c00000, 0x000000008c680000, 0x00000000d6f00000)
  object space 125440K, 1% used [0x0000000084c00000,0x0000000084e23490,0x000000008c680000)
 Metaspace       used 12252K, capacity 12398K, committed 12544K, reserved 1060864K
  class space    used 1459K, capacity 1493K, committed 1536K, reserved 1048576K
}
Event: 22.842 GC heap before
{Heap before GC invocations=12 (full 0):
 PSYoungGen      total 4608K, used 4155K [0x00000000d6f00000, 0x00000000d7700000, 0x0000000100000000)
  eden space 3584K, 100% used [0x00000000d6f00000,0x00000000d7280000,0x00000000d7280000)
  from space 1024K, 55% used [0x00000000d7280000,0x00000000d730ecc0,0x00000000d7380000)
  to   space 1024K, 0% used [0x00000000d7600000,0x00000000d7600000,0x00000000d7700000)
 ParOldGen       total 125440K, used 2189K [0x0000000084c00000, 0x000000008c680000, 0x00000000d6f00000)
  object space 125440K, 1% used [0x0000000084c00000,0x0000000084e23490,0x000000008c680000)
 Metaspace       used 12291K, capacity 12398K, committed 12544K, reserved 1060864K
  class space    used 1459K, capacity 1493K, committed 1536K, reserved 1048576K
Event: 22.844 GC heap after
Heap after GC invocations=12 (full 0):
 PSYoungGen      total 7168K, used 96K [0x00000000d6f00000, 0x00000000d7700000, 0x0000000100000000)
  eden space 6144K, 0% used [0x00000000d6f00000,0x00000000d6f00000,0x00000000d7500000)
  from space 1024K, 9% used [0x00000000d7600000,0x00000000d7618000,0x00000000d7700000)
  to   space 1024K, 0% used [0x00000000d7500000,0x00000000d7500000,0x00000000d7600000)
 ParOldGen       total 125440K, used 2501K [0x0000000084c00000, 0x000000008c680000, 0x00000000d6f00000)
  object space 125440K, 1% used [0x0000000084c00000,0x0000000084e71490,0x000000008c680000)
 Metaspace       used 12291K, capacity 12398K, committed 12544K, reserved 1060864K
  class space    used 1459K, capacity 1493K, committed 1536K, reserved 1048576K
}
Event: 27.619 GC heap before
{Heap before GC invocations=13 (full 0):
 PSYoungGen      total 7168K, used 6240K [0x00000000d6f00000, 0x00000000d7700000, 0x0000000100000000)
  eden space 6144K, 100% used [0x00000000d6f00000,0x00000000d7500000,0x00000000d7500000)
  from space 1024K, 9% used [0x00000000d7600000,0x00000000d7618000,0x00000000d7700000)
  to   space 1024K, 0% used [0x00000000d7500000,0x00000000d7500000,0x00000000d7600000)
 ParOldGen       total 125440K, used 2501K [0x0000000084c00000, 0x000000008c680000, 0x00000000d6f00000)
  object space 125440K, 1% used [0x0000000084c00000,0x0000000084e71490,0x000000008c680000)
 Metaspace       used 12299K, capacity 12398K, committed 12544K, reserved 1060864K
  class space    used 1459K, capacity 1493K, committed 1536K, reserved 1048576K
Event: 27.620 GC heap after
Heap after GC invocations=13 (full 0):
 PSYoungGen      total 7168K, used 160K [0x00000000d6f00000, 0x00000000d7800000, 0x0000000100000000)
  eden space 6144K, 0% used [0x00000000d6f00000,0x00000000d6f00000,0x00000000d7500000)
  from space 1024K, 15% used [0x00000000d7500000,0x00000000d7528000,0x00000000d7600000)
  to   space 1536K, 0% used [0x00000000d7680000,0x00000000d7680000,0x00000000d7800000)
 ParOldGen       total 125440K, used 2517K [0x0000000084c00000, 0x000000008c680000, 0x00000000d6f00000)
  object space 125440K, 2% used [0x0000000084c00000,0x0000000084e75490,0x000000008c680000)
 Metaspace       used 12299K, capacity 12398K, committed 12544K, reserved 1060864K
  class space    used 1459K, capacity 1493K, committed 1536K, reserved 1048576K
}
Event: 32.565 GC heap before
{Heap before GC invocations=14 (full 0):
 PSYoungGen      total 7168K, used 6304K [0x00000000d6f00000, 0x00000000d7800000, 0x0000000100000000)
  eden space 6144K, 100% used [0x00000000d6f00000,0x00000000d7500000,0x00000000d7500000)
  from space 1024K, 15% used [0x00000000d7500000,0x00000000d7528000,0x00000000d7600000)
  to   space 1536K, 0% used [0x00000000d7680000,0x00000000d7680000,0x00000000d7800000)
 ParOldGen       total 125440K, used 2517K [0x0000000084c00000, 0x000000008c680000, 0x00000000d6f00000)
  object space 125440K, 2% used [0x0000000084c00000,0x0000000084e75490,0x000000008c680000)
 Metaspace       used 12305K, capacity 12398K, committed 12544K, reserved 1060864K
  class space    used 1459K, capacity 1493K, committed 1536K, reserved 1048576K
Event: 32.566 GC heap after
Heap after GC invocations=14 (full 0):
 PSYoungGen      total 7680K, used 160K [0x00000000d6f00000, 0x00000000d7800000, 0x0000000100000000)
  eden space 6144K, 0% used [0x00000000d6f00000,0x00000000d6f00000,0x00000000d7500000)
  from space 1536K, 10% used [0x00000000d7680000,0x00000000d76a8000,0x00000000d7800000)
  to   space 1536K, 0% used [0x00000000d7500000,0x00000000d7500000,0x00000000d7680000)
 ParOldGen       total 125440K, used 2533K [0x0000000084c00000, 0x000000008c680000, 0x00000000d6f00000)
  object space 125440K, 2% used [0x0000000084c00000,0x0000000084e79490,0x000000008c680000)
 Metaspace       used 12305K, capacity 12398K, committed 12544K, reserved 1060864K
  class space    used 1459K, capacity 1493K, committed 1536K, reserved 1048576K
}

