# JRE version: Java(TM) SE Runtime Environment (8.0-b132) (build 1.8.0-b132)
# Java VM: Java HotSpot(TM) 64-Bit Server VM (25.0-b70 mixed mode windows-amd64 compressed oops)
Heap:
 PSYoungGen      total 4608K, used 1229K [0x00000000d6f00000, 0x00000000d7700000, 0x0000000100000000)
  eden space 3072K, 8% used [0x00000000d6f00000,0x00000000d6f435c0,0x00000000d7200000)
  from space 1536K, 62% used [0x00000000d7200000,0x00000000d72f0000,0x00000000d7380000)
  to   space 1536K, 0% used [0x00000000d7580000,0x00000000d7580000,0x00000000d7700000)
 ParOldGen       total 125440K, used 1589K [0x0000000084c00000, 0x000000008c680000, 0x00000000d6f00000)
  object space 125440K, 1% used [0x0000000084c00000,0x0000000084d8d630,0x000000008c680000)
 Metaspace       used 10048K, capacity 10118K, committed 10496K, reserved 1058816K
  class space    used 1175K, capacity 1205K, committed 1280K, reserved 1048576K
GC Heap History (10 events):
Event: 20.653 GC heap before
{Heap before GC invocations=5 (full 0):
 PSYoungGen      total 1536K, used 1536K [0x00000000d6f00000, 0x00000000d7100000, 0x0000000100000000)
  eden space 1024K, 100% used [0x00000000d6f00000,0x00000000d7000000,0x00000000d7000000)
  from space 512K, 100% used [0x00000000d7080000,0x00000000d7100000,0x00000000d7100000)
  to   space 512K, 0% used [0x00000000d7000000,0x00000000d7000000,0x00000000d7080000)
 ParOldGen       total 125440K, used 464K [0x0000000084c00000, 0x000000008c680000, 0x00000000d6f00000)
  object space 125440K, 0% used [0x0000000084c00000,0x0000000084c741a0,0x000000008c680000)
 Metaspace       used 6450K, capacity 6522K, committed 6656K, reserved 1056768K
  class space    used 741K, capacity 754K, committed 768K, reserved 1048576K
Event: 20.654 GC heap after
Heap after GC invocations=5 (full 0):
 PSYoungGen      total 1536K, used 496K [0x00000000d6f00000, 0x00000000d7300000, 0x0000000100000000)
  eden space 1024K, 0% used [0x00000000d6f00000,0x00000000d6f00000,0x00000000d7000000)
  from space 512K, 96% used [0x00000000d7000000,0x00000000d707c010,0x00000000d7080000)
  to   space 1024K, 0% used [0x00000000d7200000,0x00000000d7200000,0x00000000d7300000)
 ParOldGen       total 125440K, used 869K [0x0000000084c00000, 0x000000008c680000, 0x00000000d6f00000)
  object space 125440K, 0% used [0x0000000084c00000,0x0000000084cd95e0,0x000000008c680000)
 Metaspace       used 6450K, capacity 6522K, committed 6656K, reserved 1056768K
  class space    used 741K, capacity 754K, committed 768K, reserved 1048576K
}
Event: 20.702 GC heap before
{Heap before GC invocations=6 (full 0):
 PSYoungGen      total 1536K, used 1520K [0x00000000d6f00000, 0x00000000d7300000, 0x0000000100000000)
  eden space 1024K, 100% used [0x00000000d6f00000,0x00000000d7000000,0x00000000d7000000)
  from space 512K, 96% used [0x00000000d7000000,0x00000000d707c010,0x00000000d7080000)
  to   space 1024K, 0% used [0x00000000d7200000,0x00000000d7200000,0x00000000d7300000)
 ParOldGen       total 125440K, used 869K [0x0000000084c00000, 0x000000008c680000, 0x00000000d6f00000)
  object space 125440K, 0% used [0x0000000084c00000,0x0000000084cd95e0,0x000000008c680000)
 Metaspace       used 7728K, capacity 7802K, committed 7936K, reserved 1056768K
  class space    used 901K, capacity 946K, committed 1024K, reserved 1048576K
Event: 20.707 GC heap after
Heap after GC invocations=6 (full 0):
 PSYoungGen      total 2560K, used 896K [0x00000000d6f00000, 0x00000000d7400000, 0x0000000100000000)
  eden space 1536K, 0% used [0x00000000d6f00000,0x00000000d6f00000,0x00000000d7080000)
  from space 1024K, 87% used [0x00000000d7200000,0x00000000d72e0000,0x00000000d7300000)
  to   space 1536K, 0% used [0x00000000d7080000,0x00000000d7080000,0x00000000d7200000)
 ParOldGen       total 125440K, used 877K [0x0000000084c00000, 0x000000008c680000, 0x00000000d6f00000)
  object space 125440K, 0% used [0x0000000084c00000,0x0000000084cdb5e0,0x000000008c680000)
 Metaspace       used 7728K, capacity 7802K, committed 7936K, reserved 1056768K
  class space    used 901K, capacity 946K, committed 1024K, reserved 1048576K
}
Event: 20.776 GC heap before
{Heap before GC invocations=7 (full 0):
 PSYoungGen      total 2560K, used 2432K [0x00000000d6f00000, 0x00000000d7400000, 0x0000000100000000)
  eden space 1536K, 100% used [0x00000000d6f00000,0x00000000d7080000,0x00000000d7080000)
  from space 1024K, 87% used [0x00000000d7200000,0x00000000d72e0000,0x00000000d7300000)
  to   space 1536K, 0% used [0x00000000d7080000,0x00000000d7080000,0x00000000d7200000)
 ParOldGen       total 125440K, used 877K [0x0000000084c00000, 0x000000008c680000, 0x00000000d6f00000)
  object space 125440K, 0% used [0x0000000084c00000,0x0000000084cdb5e0,0x000000008c680000)
 Metaspace       used 8772K, capacity 8896K, committed 9088K, reserved 1056768K
  class space    used 1030K, capacity 1076K, committed 1152K, reserved 1048576K
Event: 20.778 GC heap after
Heap after GC invocations=7 (full 0):
 PSYoungGen      total 3072K, used 1037K [0x00000000d6f00000, 0x00000000d7500000, 0x0000000100000000)
  eden space 1536K, 0% used [0x00000000d6f00000,0x00000000d6f00000,0x00000000d7080000)
  from space 1536K, 67% used [0x00000000d7080000,0x00000000d7183638,0x00000000d7200000)
  to   space 1536K, 0% used [0x00000000d7380000,0x00000000d7380000,0x00000000d7500000)
 ParOldGen       total 125440K, used 1125K [0x0000000084c00000, 0x000000008c680000, 0x00000000d6f00000)
  object space 125440K, 0% used [0x0000000084c00000,0x0000000084d19600,0x000000008c680000)
 Metaspace       used 8772K, capacity 8896K, committed 9088K, reserved 1056768K
  class space    used 1030K, capacity 1076K, committed 1152K, reserved 1048576K
}
Event: 20.858 GC heap before
{Heap before GC invocations=8 (full 0):
 PSYoungGen      total 3072K, used 2561K [0x00000000d6f00000, 0x00000000d7500000, 0x0000000100000000)
  eden space 1536K, 99% used [0x00000000d6f00000,0x00000000d707cf18,0x00000000d7080000)
  from space 1536K, 67% used [0x00000000d7080000,0x00000000d7183638,0x00000000d7200000)
  to   space 1536K, 0% used [0x00000000d7380000,0x00000000d7380000,0x00000000d7500000)
 ParOldGen       total 125440K, used 1125K [0x0000000084c00000, 0x000000008c680000, 0x00000000d6f00000)
  object space 125440K, 0% used [0x0000000084c00000,0x0000000084d19600,0x000000008c680000)
 Metaspace       used 9384K, capacity 9472K, committed 9600K, reserved 1058816K
  class space    used 1095K, capacity 1140K, committed 1152K, reserved 1048576K
Event: 20.859 GC heap after
Heap after GC invocations=8 (full 0):
 PSYoungGen      total 4608K, used 882K [0x00000000d6f00000, 0x00000000d7500000, 0x0000000100000000)
  eden space 3072K, 0% used [0x00000000d6f00000,0x00000000d6f00000,0x00000000d7200000)
  from space 1536K, 57% used [0x00000000d7380000,0x00000000d745c9b8,0x00000000d7500000)
  to   space 1536K, 0% used [0x00000000d7200000,0x00000000d7200000,0x00000000d7380000)
 ParOldGen       total 125440K, used 1253K [0x0000000084c00000, 0x000000008c680000, 0x00000000d6f00000)
  object space 125440K, 0% used [0x0000000084c00000,0x0000000084d39600,0x000000008c680000)
 Metaspace       used 9384K, capacity 9472K, committed 9600K, reserved 1058816K
  class space    used 1095K, capacity 1140K, committed 1152K, reserved 1048576K
}
Event: 33.681 GC heap before
{Heap before GC invocations=9 (full 0):
 PSYoungGen      total 4608K, used 3954K [0x00000000d6f00000, 0x00000000d7500000, 0x0000000100000000)
  eden space 3072K, 100% used [0x00000000d6f00000,0x00000000d7200000,0x00000000d7200000)
  from space 1536K, 57% used [0x00000000d7380000,0x00000000d745c9b8,0x00000000d7500000)
  to   space 1536K, 0% used [0x00000000d7200000,0x00000000d7200000,0x00000000d7380000)
 ParOldGen       total 125440K, used 1253K [0x0000000084c00000, 0x000000008c680000, 0x00000000d6f00000)
  object space 125440K, 0% used [0x0000000084c00000,0x0000000084d39600,0x000000008c680000)
 Metaspace       used 9976K, capacity 10054K, committed 10240K, reserved 1058816K
  class space    used 1166K, capacity 1205K, committed 1280K, reserved 1048576K
Event: 33.683 GC heap after
Heap after GC invocations=9 (full 0):
 PSYoungGen      total 4608K, used 960K [0x00000000d6f00000, 0x00000000d7700000, 0x0000000100000000)
  eden space 3072K, 0% used [0x00000000d6f00000,0x00000000d6f00000,0x00000000d7200000)
  from space 1536K, 62% used [0x00000000d7200000,0x00000000d72f0000,0x00000000d7380000)
  to   space 1536K, 0% used [0x00000000d7580000,0x00000000d7580000,0x00000000d7700000)
 ParOldGen       total 125440K, used 1589K [0x0000000084c00000, 0x000000008c680000, 0x00000000d6f00000)
  object space 125440K, 1% used [0x0000000084c00000,0x0000000084d8d630,0x000000008c680000)
 Metaspace       used 9976K, capacity 10054K, committed 10240K, reserved 1058816K
  class space    used 1166K, capacity 1205K, committed 1280K, reserved 1048576K
}

