# JRE version: Java(TM) SE Runtime Environment (8.0-b132) (build 1.8.0-b132)
# Java VM: Java HotSpot(TM) 64-Bit Server VM (25.0-b70 mixed mode windows-amd64 compressed oops)
Heap:
 PSYoungGen      total 5632K, used 2516K [0x00000000d6f00000, 0x00000000d7880000, 0x0000000100000000)
  eden space 4096K, 34% used [0x00000000d6f00000,0x00000000d7066380,0x00000000d7300000)
  from space 1536K, 70% used [0x00000000d7300000,0x00000000d740ecc0,0x00000000d7480000)
  to   space 1536K, 0% used [0x00000000d7700000,0x00000000d7700000,0x00000000d7880000)
 ParOldGen       total 125440K, used 1916K [0x0000000084c00000, 0x000000008c680000, 0x00000000d6f00000)
  object space 125440K, 1% used [0x0000000084c00000,0x0000000084ddf1a8,0x000000008c680000)
 Metaspace       used 13946K, capacity 14206K, committed 14464K, reserved 1062912K
  class space    used 1735K, capacity 1815K, committed 1920K, reserved 1048576K
GC Heap History (10 events):
Event: 74.702 GC heap before
{Heap before GC invocations=5 (full 0):
 PSYoungGen      total 1536K, used 1511K [0x00000000d6f00000, 0x00000000d7100000, 0x0000000100000000)
  eden space 1024K, 99% used [0x00000000d6f00000,0x00000000d6ffdf90,0x00000000d7000000)
  from space 512K, 96% used [0x00000000d7080000,0x00000000d70fc010,0x00000000d7100000)
  to   space 512K, 0% used [0x00000000d7000000,0x00000000d7000000,0x00000000d7080000)
 ParOldGen       total 125440K, used 752K [0x0000000084c00000, 0x000000008c680000, 0x00000000d6f00000)
  object space 125440K, 0% used [0x0000000084c00000,0x0000000084cbc078,0x000000008c680000)
 Metaspace       used 8994K, capacity 9240K, committed 9472K, reserved 1056768K
  class space    used 1129K, capacity 1206K, committed 1280K, reserved 1048576K
Event: 74.704 GC heap after
Heap after GC invocations=5 (full 0):
 PSYoungGen      total 1536K, used 496K [0x00000000d6f00000, 0x00000000d7400000, 0x0000000100000000)
  eden space 1024K, 0% used [0x00000000d6f00000,0x00000000d6f00000,0x00000000d7000000)
  from space 512K, 96% used [0x00000000d7000000,0x00000000d707c010,0x00000000d7080000)
  to   space 1536K, 0% used [0x00000000d7280000,0x00000000d7280000,0x00000000d7400000)
 ParOldGen       total 125440K, used 1181K [0x0000000084c00000, 0x000000008c680000, 0x00000000d6f00000)
  object space 125440K, 0% used [0x0000000084c00000,0x0000000084d27598,0x000000008c680000)
 Metaspace       used 8994K, capacity 9240K, committed 9472K, reserved 1056768K
  class space    used 1129K, capacity 1206K, committed 1280K, reserved 1048576K
}
Event: 74.778 GC heap before
{Heap before GC invocations=6 (full 0):
 PSYoungGen      total 1536K, used 1520K [0x00000000d6f00000, 0x00000000d7400000, 0x0000000100000000)
  eden space 1024K, 100% used [0x00000000d6f00000,0x00000000d7000000,0x00000000d7000000)
  from space 512K, 96% used [0x00000000d7000000,0x00000000d707c010,0x00000000d7080000)
  to   space 1536K, 0% used [0x00000000d7280000,0x00000000d7280000,0x00000000d7400000)
 ParOldGen       total 125440K, used 1181K [0x0000000084c00000, 0x000000008c680000, 0x00000000d6f00000)
  object space 125440K, 0% used [0x0000000084c00000,0x0000000084d27598,0x000000008c680000)
 Metaspace       used 10826K, capacity 11032K, committed 11136K, reserved 1058816K
  class space    used 1358K, capacity 1398K, committed 1408K, reserved 1048576K
Event: 74.780 GC heap after
Heap after GC invocations=6 (full 0):
 PSYoungGen      total 3584K, used 928K [0x00000000d6f00000, 0x00000000d7400000, 0x0000000100000000)
  eden space 2048K, 0% used [0x00000000d6f00000,0x00000000d6f00000,0x00000000d7100000)
  from space 1536K, 60% used [0x00000000d7280000,0x00000000d7368020,0x00000000d7400000)
  to   space 1536K, 0% used [0x00000000d7100000,0x00000000d7100000,0x00000000d7280000)
 ParOldGen       total 125440K, used 1253K [0x0000000084c00000, 0x000000008c680000, 0x00000000d6f00000)
  object space 125440K, 0% used [0x0000000084c00000,0x0000000084d395a8,0x000000008c680000)
 Metaspace       used 10826K, capacity 11032K, committed 11136K, reserved 1058816K
  class space    used 1358K, capacity 1398K, committed 1408K, reserved 1048576K
}
Event: 74.871 GC heap before
{Heap before GC invocations=7 (full 0):
 PSYoungGen      total 3584K, used 2964K [0x00000000d6f00000, 0x00000000d7400000, 0x0000000100000000)
  eden space 2048K, 99% used [0x00000000d6f00000,0x00000000d70fd160,0x00000000d7100000)
  from space 1536K, 60% used [0x00000000d7280000,0x00000000d7368020,0x00000000d7400000)
  to   space 1536K, 0% used [0x00000000d7100000,0x00000000d7100000,0x00000000d7280000)
 ParOldGen       total 125440K, used 1253K [0x0000000084c00000, 0x000000008c680000, 0x00000000d6f00000)
  object space 125440K, 0% used [0x0000000084c00000,0x0000000084d395a8,0x000000008c680000)
 Metaspace       used 11646K, capacity 11864K, committed 12032K, reserved 1060864K
  class space    used 1474K, capacity 1526K, committed 1536K, reserved 1048576K
Event: 74.873 GC heap after
Heap after GC invocations=7 (full 0):
 PSYoungGen      total 3584K, used 953K [0x00000000d6f00000, 0x00000000d7600000, 0x0000000100000000)
  eden space 2048K, 0% used [0x00000000d6f00000,0x00000000d6f00000,0x00000000d7100000)
  from space 1536K, 62% used [0x00000000d7100000,0x00000000d71ee600,0x00000000d7280000)
  to   space 1536K, 0% used [0x00000000d7480000,0x00000000d7480000,0x00000000d7600000)
 ParOldGen       total 125440K, used 1525K [0x0000000084c00000, 0x000000008c680000, 0x00000000d6f00000)
  object space 125440K, 1% used [0x0000000084c00000,0x0000000084d7d638,0x000000008c680000)
 Metaspace       used 11646K, capacity 11864K, committed 12032K, reserved 1060864K
  class space    used 1474K, capacity 1526K, committed 1536K, reserved 1048576K
}
Event: 75.363 GC heap before
{Heap before GC invocations=8 (full 0):
 PSYoungGen      total 3584K, used 3001K [0x00000000d6f00000, 0x00000000d7600000, 0x0000000100000000)
  eden space 2048K, 100% used [0x00000000d6f00000,0x00000000d7100000,0x00000000d7100000)
  from space 1536K, 62% used [0x00000000d7100000,0x00000000d71ee600,0x00000000d7280000)
  to   space 1536K, 0% used [0x00000000d7480000,0x00000000d7480000,0x00000000d7600000)
 ParOldGen       total 125440K, used 1525K [0x0000000084c00000, 0x000000008c680000, 0x00000000d6f00000)
  object space 125440K, 1% used [0x0000000084c00000,0x0000000084d7d638,0x000000008c680000)
 Metaspace       used 12615K, capacity 12824K, committed 12928K, reserved 1060864K
  class space    used 1581K, capacity 1654K, committed 1664K, reserved 1048576K
Event: 75.365 GC heap after
Heap after GC invocations=8 (full 0):
 PSYoungGen      total 5632K, used 895K [0x00000000d6f00000, 0x00000000d7600000, 0x0000000100000000)
  eden space 4096K, 0% used [0x00000000d6f00000,0x00000000d6f00000,0x00000000d7300000)
  from space 1536K, 58% used [0x00000000d7480000,0x00000000d755ffa0,0x00000000d7600000)
  to   space 1536K, 0% used [0x00000000d7300000,0x00000000d7300000,0x00000000d7480000)
 ParOldGen       total 125440K, used 1634K [0x0000000084c00000, 0x000000008c680000, 0x00000000d6f00000)
  object space 125440K, 1% used [0x0000000084c00000,0x0000000084d98960,0x000000008c680000)
 Metaspace       used 12615K, capacity 12824K, committed 12928K, reserved 1060864K
  class space    used 1581K, capacity 1654K, committed 1664K, reserved 1048576K
}
Event: 104.394 GC heap before
{Heap before GC invocations=9 (full 0):
 PSYoungGen      total 5632K, used 4991K [0x00000000d6f00000, 0x00000000d7600000, 0x0000000100000000)
  eden space 4096K, 100% used [0x00000000d6f00000,0x00000000d7300000,0x00000000d7300000)
  from space 1536K, 58% used [0x00000000d7480000,0x00000000d755ffa0,0x00000000d7600000)
  to   space 1536K, 0% used [0x00000000d7300000,0x00000000d7300000,0x00000000d7480000)
 ParOldGen       total 125440K, used 1634K [0x0000000084c00000, 0x000000008c680000, 0x00000000d6f00000)
  object space 125440K, 1% used [0x0000000084c00000,0x0000000084d98960,0x000000008c680000)
 Metaspace       used 13922K, capacity 14142K, committed 14464K, reserved 1062912K
  class space    used 1734K, capacity 1815K, committed 1920K, reserved 1048576K
Event: 104.397 GC heap after
Heap after GC invocations=9 (full 0):
 PSYoungGen      total 5632K, used 1083K [0x00000000d6f00000, 0x00000000d7880000, 0x0000000100000000)
  eden space 4096K, 0% used [0x00000000d6f00000,0x00000000d6f00000,0x00000000d7300000)
  from space 1536K, 70% used [0x00000000d7300000,0x00000000d740ecc0,0x00000000d7480000)
  to   space 1536K, 0% used [0x00000000d7700000,0x00000000d7700000,0x00000000d7880000)
 ParOldGen       total 125440K, used 1916K [0x0000000084c00000, 0x000000008c680000, 0x00000000d6f00000)
  object space 125440K, 1% used [0x0000000084c00000,0x0000000084ddf1a8,0x000000008c680000)
 Metaspace       used 13922K, capacity 14142K, committed 14464K, reserved 1062912K
  class space    used 1734K, capacity 1815K, committed 1920K, reserved 1048576K
}

