# JRE version: Java(TM) SE Runtime Environment (8.0-b132) (build 1.8.0-b132)
# Java VM: Java HotSpot(TM) 64-Bit Server VM (25.0-b70 mixed mode windows-amd64 compressed oops)
Heap:
 PSYoungGen      total 5120K, used 2739K [0x00000000d6f00000, 0x00000000d7980000, 0x0000000100000000)
  eden space 4096K, 45% used [0x00000000d6f00000,0x00000000d70ccf90,0x00000000d7300000)
  from space 1024K, 87% used [0x00000000d7880000,0x00000000d7960000,0x00000000d7980000)
  to   space 1536K, 0% used [0x00000000d7680000,0x00000000d7680000,0x00000000d7800000)
 ParOldGen       total 125440K, used 1932K [0x0000000084c00000, 0x000000008c680000, 0x00000000d6f00000)
  object space 125440K, 1% used [0x0000000084c00000,0x0000000084de3198,0x000000008c680000)
 Metaspace       used 10360K, capacity 10498K, committed 10752K, reserved 1058816K
  class space    used 1212K, capacity 1241K, committed 1280K, reserved 1048576K
GC Heap History (10 events):
Event: 14.196 GC heap before
{Heap before GC invocations=4 (full 0):
 PSYoungGen      total 1536K, used 1530K [0x00000000d6f00000, 0x00000000d7200000, 0x0000000100000000)
  eden space 1024K, 99% used [0x00000000d6f00000,0x00000000d6ffe918,0x00000000d7000000)
  from space 512K, 100% used [0x00000000d7000000,0x00000000d7080000,0x00000000d7080000)
  to   space 512K, 0% used [0x00000000d7180000,0x00000000d7180000,0x00000000d7200000)
 ParOldGen       total 125440K, used 453K [0x0000000084c00000, 0x000000008c680000, 0x00000000d6f00000)
  object space 125440K, 0% used [0x0000000084c00000,0x0000000084c71680,0x000000008c680000)
 Metaspace       used 6436K, capacity 6538K, committed 6656K, reserved 1056768K
  class space    used 741K, capacity 754K, committed 768K, reserved 1048576K
Event: 14.197 GC heap after
Heap after GC invocations=4 (full 0):
 PSYoungGen      total 2560K, used 480K [0x00000000d6f00000, 0x00000000d7200000, 0x0000000100000000)
  eden space 2048K, 0% used [0x00000000d6f00000,0x00000000d6f00000,0x00000000d7100000)
  from space 512K, 93% used [0x00000000d7180000,0x00000000d71f8020,0x00000000d7200000)
  to   space 512K, 0% used [0x00000000d7100000,0x00000000d7100000,0x00000000d7180000)
 ParOldGen       total 125440K, used 894K [0x0000000084c00000, 0x000000008c680000, 0x00000000d6f00000)
  object space 125440K, 0% used [0x0000000084c00000,0x0000000084cdfb88,0x000000008c680000)
 Metaspace       used 6436K, capacity 6538K, committed 6656K, reserved 1056768K
  class space    used 741K, capacity 754K, committed 768K, reserved 1048576K
}
Event: 14.294 GC heap before
{Heap before GC invocations=5 (full 0):
 PSYoungGen      total 2560K, used 2515K [0x00000000d6f00000, 0x00000000d7200000, 0x0000000100000000)
  eden space 2048K, 99% used [0x00000000d6f00000,0x00000000d70fcc18,0x00000000d7100000)
  from space 512K, 93% used [0x00000000d7180000,0x00000000d71f8020,0x00000000d7200000)
  to   space 512K, 0% used [0x00000000d7100000,0x00000000d7100000,0x00000000d7180000)
 ParOldGen       total 125440K, used 894K [0x0000000084c00000, 0x000000008c680000, 0x00000000d6f00000)
  object space 125440K, 0% used [0x0000000084c00000,0x0000000084cdfb88,0x000000008c680000)
 Metaspace       used 8297K, capacity 8400K, committed 8448K, reserved 1056768K
  class space    used 976K, capacity 1012K, committed 1024K, reserved 1048576K
Event: 14.296 GC heap after
Heap after GC invocations=5 (full 0):
 PSYoungGen      total 2560K, used 484K [0x00000000d6f00000, 0x00000000d7600000, 0x0000000100000000)
  eden space 2048K, 0% used [0x00000000d6f00000,0x00000000d6f00000,0x00000000d7100000)
  from space 512K, 94% used [0x00000000d7100000,0x00000000d7179398,0x00000000d7180000)
  to   space 1536K, 0% used [0x00000000d7480000,0x00000000d7480000,0x00000000d7600000)
 ParOldGen       total 125440K, used 1596K [0x0000000084c00000, 0x000000008c680000, 0x00000000d6f00000)
  object space 125440K, 1% used [0x0000000084c00000,0x0000000084d8f1b0,0x000000008c680000)
 Metaspace       used 8297K, capacity 8400K, committed 8448K, reserved 1056768K
  class space    used 976K, capacity 1012K, committed 1024K, reserved 1048576K
}
Event: 14.400 GC heap before
{Heap before GC invocations=6 (full 0):
 PSYoungGen      total 2560K, used 2532K [0x00000000d6f00000, 0x00000000d7600000, 0x0000000100000000)
  eden space 2048K, 100% used [0x00000000d6f00000,0x00000000d7100000,0x00000000d7100000)
  from space 512K, 94% used [0x00000000d7100000,0x00000000d7179398,0x00000000d7180000)
  to   space 1536K, 0% used [0x00000000d7480000,0x00000000d7480000,0x00000000d7600000)
 ParOldGen       total 125440K, used 1596K [0x0000000084c00000, 0x000000008c680000, 0x00000000d6f00000)
  object space 125440K, 1% used [0x0000000084c00000,0x0000000084d8f1b0,0x000000008c680000)
 Metaspace       used 9379K, capacity 9488K, committed 9600K, reserved 1058816K
  class space    used 1095K, capacity 1140K, committed 1152K, reserved 1048576K
Event: 14.401 GC heap after
Heap after GC invocations=6 (full 0):
 PSYoungGen      total 5632K, used 879K [0x00000000d6f00000, 0x00000000d7600000, 0x0000000100000000)
  eden space 4096K, 0% used [0x00000000d6f00000,0x00000000d6f00000,0x00000000d7300000)
  from space 1536K, 57% used [0x00000000d7480000,0x00000000d755bfb0,0x00000000d7600000)
  to   space 1536K, 0% used [0x00000000d7300000,0x00000000d7300000,0x00000000d7480000)
 ParOldGen       total 125440K, used 1604K [0x0000000084c00000, 0x000000008c680000, 0x00000000d6f00000)
  object space 125440K, 1% used [0x0000000084c00000,0x0000000084d911b0,0x000000008c680000)
 Metaspace       used 9379K, capacity 9488K, committed 9600K, reserved 1058816K
  class space    used 1095K, capacity 1140K, committed 1152K, reserved 1048576K
}
Event: 71.596 GC heap before
{Heap before GC invocations=7 (full 0):
 PSYoungGen      total 5632K, used 4975K [0x00000000d6f00000, 0x00000000d7600000, 0x0000000100000000)
  eden space 4096K, 100% used [0x00000000d6f00000,0x00000000d7300000,0x00000000d7300000)
  from space 1536K, 57% used [0x00000000d7480000,0x00000000d755bfb0,0x00000000d7600000)
  to   space 1536K, 0% used [0x00000000d7300000,0x00000000d7300000,0x00000000d7480000)
 ParOldGen       total 125440K, used 1604K [0x0000000084c00000, 0x000000008c680000, 0x00000000d6f00000)
  object space 125440K, 1% used [0x0000000084c00000,0x0000000084d911b0,0x000000008c680000)
 Metaspace       used 10162K, capacity 10300K, committed 10496K, reserved 1058816K
  class space    used 1196K, capacity 1239K, committed 1280K, reserved 1048576K
Event: 71.599 GC heap after
Heap after GC invocations=7 (full 0):
 PSYoungGen      total 5632K, used 914K [0x00000000d6f00000, 0x00000000d7a00000, 0x0000000100000000)
  eden space 4096K, 0% used [0x00000000d6f00000,0x00000000d6f00000,0x00000000d7300000)
  from space 1536K, 59% used [0x00000000d7300000,0x00000000d73e49b8,0x00000000d7480000)
  to   space 1536K, 0% used [0x00000000d7880000,0x00000000d7880000,0x00000000d7a00000)
 ParOldGen       total 125440K, used 1812K [0x0000000084c00000, 0x000000008c680000, 0x00000000d6f00000)
  object space 125440K, 1% used [0x0000000084c00000,0x0000000084dc5240,0x000000008c680000)
 Metaspace       used 10162K, capacity 10300K, committed 10496K, reserved 1058816K
  class space    used 1196K, capacity 1239K, committed 1280K, reserved 1048576K
}
Event: 128.209 GC heap before
{Heap before GC invocations=8 (full 0):
 PSYoungGen      total 5632K, used 5010K [0x00000000d6f00000, 0x00000000d7a00000, 0x0000000100000000)
  eden space 4096K, 100% used [0x00000000d6f00000,0x00000000d7300000,0x00000000d7300000)
  from space 1536K, 59% used [0x00000000d7300000,0x00000000d73e49b8,0x00000000d7480000)
  to   space 1536K, 0% used [0x00000000d7880000,0x00000000d7880000,0x00000000d7a00000)
 ParOldGen       total 125440K, used 1812K [0x0000000084c00000, 0x000000008c680000, 0x00000000d6f00000)
  object space 125440K, 1% used [0x0000000084c00000,0x0000000084dc5240,0x000000008c680000)
 Metaspace       used 10292K, capacity 10434K, committed 10752K, reserved 1058816K
  class space    used 1204K, capacity 1241K, committed 1280K, reserved 1048576K
Event: 128.211 GC heap after
Heap after GC invocations=8 (full 0):
 PSYoungGen      total 5120K, used 896K [0x00000000d6f00000, 0x00000000d7980000, 0x0000000100000000)
  eden space 4096K, 0% used [0x00000000d6f00000,0x00000000d6f00000,0x00000000d7300000)
  from space 1024K, 87% used [0x00000000d7880000,0x00000000d7960000,0x00000000d7980000)
  to   space 1536K, 0% used [0x00000000d7680000,0x00000000d7680000,0x00000000d7800000)
 ParOldGen       total 125440K, used 1932K [0x0000000084c00000, 0x000000008c680000, 0x00000000d6f00000)
  object space 125440K, 1% used [0x0000000084c00000,0x0000000084de3198,0x000000008c680000)
 Metaspace       used 10292K, capacity 10434K, committed 10752K, reserved 1058816K
  class space    used 1204K, capacity 1241K, committed 1280K, reserved 1048576K
}

