# JRE version: Java(TM) SE Runtime Environment (8.0-b132) (build 1.8.0-b132)
# Java VM: Java HotSpot(TM) 64-Bit Server VM (25.0-b70 mixed mode windows-amd64 compressed oops)
Heap:
 PSYoungGen      total 8704K, used 6242K [0x00000000d6f00000, 0x00000000d7980000, 0x0000000100000000)
  eden space 6656K, 73% used [0x00000000d6f00000,0x00000000d73c1450,0x00000000d7580000)
  from space 2048K, 67% used [0x00000000d7780000,0x00000000d78d76f8,0x00000000d7980000)
  to   space 2048K, 0% used [0x00000000d7580000,0x00000000d7580000,0x00000000d7780000)
 ParOldGen       total 125440K, used 2364K [0x0000000084c00000, 0x000000008c680000, 0x00000000d6f00000)
  object space 125440K, 1% used [0x0000000084c00000,0x0000000084e4f048,0x000000008c680000)
 Metaspace       used 15482K, capacity 15674K, committed 15872K, reserved 1062912K
  class space    used 1912K, capacity 1979K, committed 2048K, reserved 1048576K
GC Heap History (10 events):
Event: 22.546 GC heap before
{Heap before GC invocations=6 (full 0):
 PSYoungGen      total 1536K, used 1533K [0x00000000d6f00000, 0x00000000d7300000, 0x0000000100000000)
  eden space 1024K, 99% used [0x00000000d6f00000,0x00000000d6fff558,0x00000000d7000000)
  from space 512K, 100% used [0x00000000d7000000,0x00000000d7080000,0x00000000d7080000)
  to   space 1024K, 0% used [0x00000000d7200000,0x00000000d7200000,0x00000000d7300000)
 ParOldGen       total 125440K, used 851K [0x0000000084c00000, 0x000000008c680000, 0x00000000d6f00000)
  object space 125440K, 0% used [0x0000000084c00000,0x0000000084cd4f88,0x000000008c680000)
 Metaspace       used 7666K, capacity 7722K, committed 7936K, reserved 1056768K
  class space    used 887K, capacity 914K, committed 1024K, reserved 1048576K
Event: 22.548 GC heap after
Heap after GC invocations=6 (full 0):
 PSYoungGen      total 3072K, used 816K [0x00000000d6f00000, 0x00000000d7300000, 0x0000000100000000)
  eden space 2048K, 0% used [0x00000000d6f00000,0x00000000d6f00000,0x00000000d7100000)
  from space 1024K, 79% used [0x00000000d7200000,0x00000000d72cc010,0x00000000d7300000)
  to   space 1024K, 0% used [0x00000000d7100000,0x00000000d7100000,0x00000000d7200000)
 ParOldGen       total 125440K, used 859K [0x0000000084c00000, 0x000000008c680000, 0x00000000d6f00000)
  object space 125440K, 0% used [0x0000000084c00000,0x0000000084cd6f88,0x000000008c680000)
 Metaspace       used 7666K, capacity 7722K, committed 7936K, reserved 1056768K
  class space    used 887K, capacity 914K, committed 1024K, reserved 1048576K
}
Event: 22.660 GC heap before
{Heap before GC invocations=7 (full 0):
 PSYoungGen      total 3072K, used 2864K [0x00000000d6f00000, 0x00000000d7300000, 0x0000000100000000)
  eden space 2048K, 100% used [0x00000000d6f00000,0x00000000d7100000,0x00000000d7100000)
  from space 1024K, 79% used [0x00000000d7200000,0x00000000d72cc010,0x00000000d7300000)
  to   space 1024K, 0% used [0x00000000d7100000,0x00000000d7100000,0x00000000d7200000)
 ParOldGen       total 125440K, used 859K [0x0000000084c00000, 0x000000008c680000, 0x00000000d6f00000)
  object space 125440K, 0% used [0x0000000084c00000,0x0000000084cd6f88,0x000000008c680000)
 Metaspace       used 9108K, capacity 9264K, committed 9344K, reserved 1056768K
  class space    used 1060K, capacity 1108K, committed 1152K, reserved 1048576K
Event: 22.663 GC heap after
Heap after GC invocations=7 (full 0):
 PSYoungGen      total 3072K, used 1021K [0x00000000d6f00000, 0x00000000d7600000, 0x0000000100000000)
  eden space 2048K, 0% used [0x00000000d6f00000,0x00000000d6f00000,0x00000000d7100000)
  from space 1024K, 99% used [0x00000000d7100000,0x00000000d71ff648,0x00000000d7200000)
  to   space 1536K, 0% used [0x00000000d7480000,0x00000000d7480000,0x00000000d7600000)
 ParOldGen       total 125440K, used 1172K [0x0000000084c00000, 0x000000008c680000, 0x00000000d6f00000)
  object space 125440K, 0% used [0x0000000084c00000,0x0000000084d252c8,0x000000008c680000)
 Metaspace       used 9108K, capacity 9264K, committed 9344K, reserved 1056768K
  class space    used 1060K, capacity 1108K, committed 1152K, reserved 1048576K
}
Event: 22.973 GC heap before
{Heap before GC invocations=8 (full 0):
 PSYoungGen      total 3072K, used 3069K [0x00000000d6f00000, 0x00000000d7600000, 0x0000000100000000)
  eden space 2048K, 100% used [0x00000000d6f00000,0x00000000d7100000,0x00000000d7100000)
  from space 1024K, 99% used [0x00000000d7100000,0x00000000d71ff648,0x00000000d7200000)
  to   space 1536K, 0% used [0x00000000d7480000,0x00000000d7480000,0x00000000d7600000)
 ParOldGen       total 125440K, used 1172K [0x0000000084c00000, 0x000000008c680000, 0x00000000d6f00000)
  object space 125440K, 0% used [0x0000000084c00000,0x0000000084d252c8,0x000000008c680000)
 Metaspace       used 9700K, capacity 9846K, committed 10240K, reserved 1058816K
  class space    used 1131K, capacity 1173K, committed 1280K, reserved 1048576K
Event: 22.976 GC heap after
Heap after GC invocations=8 (full 0):
 PSYoungGen      total 5632K, used 1074K [0x00000000d6f00000, 0x00000000d7600000, 0x0000000100000000)
  eden space 4096K, 0% used [0x00000000d6f00000,0x00000000d6f00000,0x00000000d7300000)
  from space 1536K, 69% used [0x00000000d7480000,0x00000000d758c9b8,0x00000000d7600000)
  to   space 1536K, 0% used [0x00000000d7300000,0x00000000d7300000,0x00000000d7480000)
 ParOldGen       total 125440K, used 1268K [0x0000000084c00000, 0x000000008c680000, 0x00000000d6f00000)
  object space 125440K, 1% used [0x0000000084c00000,0x0000000084d3d2c8,0x000000008c680000)
 Metaspace       used 9700K, capacity 9846K, committed 10240K, reserved 1058816K
  class space    used 1131K, capacity 1173K, committed 1280K, reserved 1048576K
}
Event: 58.255 GC heap before
{Heap before GC invocations=9 (full 0):
 PSYoungGen      total 5632K, used 5170K [0x00000000d6f00000, 0x00000000d7600000, 0x0000000100000000)
  eden space 4096K, 100% used [0x00000000d6f00000,0x00000000d7300000,0x00000000d7300000)
  from space 1536K, 69% used [0x00000000d7480000,0x00000000d758c9b8,0x00000000d7600000)
  to   space 1536K, 0% used [0x00000000d7300000,0x00000000d7300000,0x00000000d7480000)
 ParOldGen       total 125440K, used 1268K [0x0000000084c00000, 0x000000008c680000, 0x00000000d6f00000)
  object space 125440K, 1% used [0x0000000084c00000,0x0000000084d3d2c8,0x000000008c680000)
 Metaspace       used 13840K, capacity 14062K, committed 14464K, reserved 1062912K
  class space    used 1763K, capacity 1849K, committed 1920K, reserved 1048576K
Event: 58.259 GC heap after
Heap after GC invocations=9 (full 0):
 PSYoungGen      total 5632K, used 1520K [0x00000000d6f00000, 0x00000000d7980000, 0x0000000100000000)
  eden space 4096K, 0% used [0x00000000d6f00000,0x00000000d6f00000,0x00000000d7300000)
  from space 1536K, 98% used [0x00000000d7300000,0x00000000d747c010,0x00000000d7480000)
  to   space 2048K, 0% used [0x00000000d7780000,0x00000000d7780000,0x00000000d7980000)
 ParOldGen       total 125440K, used 1867K [0x0000000084c00000, 0x000000008c680000, 0x00000000d6f00000)
  object space 125440K, 1% used [0x0000000084c00000,0x0000000084dd2d10,0x000000008c680000)
 Metaspace       used 13840K, capacity 14062K, committed 14464K, reserved 1062912K
  class space    used 1763K, capacity 1849K, committed 1920K, reserved 1048576K
}
Event: 66.054 GC heap before
{Heap before GC invocations=10 (full 0):
 PSYoungGen      total 5632K, used 5616K [0x00000000d6f00000, 0x00000000d7980000, 0x0000000100000000)
  eden space 4096K, 100% used [0x00000000d6f00000,0x00000000d7300000,0x00000000d7300000)
  from space 1536K, 98% used [0x00000000d7300000,0x00000000d747c010,0x00000000d7480000)
  to   space 2048K, 0% used [0x00000000d7780000,0x00000000d7780000,0x00000000d7980000)
 ParOldGen       total 125440K, used 1867K [0x0000000084c00000, 0x000000008c680000, 0x00000000d6f00000)
  object space 125440K, 1% used [0x0000000084c00000,0x0000000084dd2d10,0x000000008c680000)
 Metaspace       used 15182K, capacity 15322K, committed 15616K, reserved 1062912K
  class space    used 1883K, capacity 1947K, committed 2048K, reserved 1048576K
Event: 66.058 GC heap after
Heap after GC invocations=10 (full 0):
 PSYoungGen      total 8704K, used 1373K [0x00000000d6f00000, 0x00000000d7980000, 0x0000000100000000)
  eden space 6656K, 0% used [0x00000000d6f00000,0x00000000d6f00000,0x00000000d7580000)
  from space 2048K, 67% used [0x00000000d7780000,0x00000000d78d76f8,0x00000000d7980000)
  to   space 2048K, 0% used [0x00000000d7580000,0x00000000d7580000,0x00000000d7780000)
 ParOldGen       total 125440K, used 2364K [0x0000000084c00000, 0x000000008c680000, 0x00000000d6f00000)
  object space 125440K, 1% used [0x0000000084c00000,0x0000000084e4f048,0x000000008c680000)
 Metaspace       used 15182K, capacity 15322K, committed 15616K, reserved 1062912K
  class space    used 1883K, capacity 1947K, committed 2048K, reserved 1048576K
}

