# JRE version: Java(TM) SE Runtime Environment (8.0-b132) (build 1.8.0-b132)
# Java VM: Java HotSpot(TM) 64-Bit Server VM (25.0-b70 mixed mode windows-amd64 compressed oops)
Heap:
 PSYoungGen      total 5632K, used 4202K [0x00000000d6f00000, 0x00000000d7600000, 0x0000000100000000)
  eden space 4096K, 80% used [0x00000000d6f00000,0x00000000d723abb8,0x00000000d7300000)
  from space 1536K, 58% used [0x00000000d7480000,0x00000000d755ffa0,0x00000000d7600000)
  to   space 1536K, 0% used [0x00000000d7300000,0x00000000d7300000,0x00000000d7480000)
 ParOldGen       total 125440K, used 1532K [0x0000000084c00000, 0x000000008c680000, 0x00000000d6f00000)
  object space 125440K, 1% used [0x0000000084c00000,0x0000000084d7f368,0x000000008c680000)
 Metaspace       used 10037K, capacity 10122K, committed 10496K, reserved 1058816K
  class space    used 1174K, capacity 1205K, committed 1280K, reserved 1048576K
GC Heap History (10 events):
Event: 0.522 GC heap before
{Heap before GC invocations=2 (full 0):
 PSYoungGen      total 1024K, used 944K [0x00000000d6f00000, 0x00000000d7100000, 0x0000000100000000)
  eden space 512K, 100% used [0x00000000d6f00000,0x00000000d6f80000,0x00000000d6f80000)
  from space 512K, 84% used [0x00000000d6f80000,0x00000000d6fec010,0x00000000d7000000)
  to   space 512K, 0% used [0x00000000d7080000,0x00000000d7080000,0x00000000d7100000)
 ParOldGen       total 125440K, used 8K [0x0000000084c00000, 0x000000008c680000, 0x00000000d6f00000)
  object space 125440K, 0% used [0x0000000084c00000,0x0000000084c02000,0x000000008c680000)
 Metaspace       used 3949K, capacity 4624K, committed 4864K, reserved 1056768K
  class space    used 434K, capacity 460K, committed 512K, reserved 1048576K
Event: 0.524 GC heap after
Heap after GC invocations=2 (full 0):
 PSYoungGen      total 1536K, used 496K [0x00000000d6f00000, 0x00000000d7100000, 0x0000000100000000)
  eden space 1024K, 0% used [0x00000000d6f00000,0x00000000d6f00000,0x00000000d7000000)
  from space 512K, 96% used [0x00000000d7080000,0x00000000d70fc030,0x00000000d7100000)
  to   space 512K, 0% used [0x00000000d7000000,0x00000000d7000000,0x00000000d7080000)
 ParOldGen       total 125440K, used 152K [0x0000000084c00000, 0x000000008c680000, 0x00000000d6f00000)
  object space 125440K, 0% used [0x0000000084c00000,0x0000000084c26078,0x000000008c680000)
 Metaspace       used 3949K, capacity 4624K, committed 4864K, reserved 1056768K
  class space    used 434K, capacity 460K, committed 512K, reserved 1048576K
}
Event: 70.678 GC heap before
{Heap before GC invocations=3 (full 0):
 PSYoungGen      total 1536K, used 1520K [0x00000000d6f00000, 0x00000000d7100000, 0x0000000100000000)
  eden space 1024K, 100% used [0x00000000d6f00000,0x00000000d7000000,0x00000000d7000000)
  from space 512K, 96% used [0x00000000d7080000,0x00000000d70fc030,0x00000000d7100000)
  to   space 512K, 0% used [0x00000000d7000000,0x00000000d7000000,0x00000000d7080000)
 ParOldGen       total 125440K, used 152K [0x0000000084c00000, 0x000000008c680000, 0x00000000d6f00000)
  object space 125440K, 0% used [0x0000000084c00000,0x0000000084c26078,0x000000008c680000)
 Metaspace       used 4733K, capacity 4922K, committed 5248K, reserved 1056768K
  class space    used 523K, capacity 562K, committed 640K, reserved 1048576K
Event: 70.697 GC heap after
Heap after GC invocations=3 (full 0):
 PSYoungGen      total 1536K, used 512K [0x00000000d6f00000, 0x00000000d7200000, 0x0000000100000000)
  eden space 1024K, 0% used [0x00000000d6f00000,0x00000000d6f00000,0x00000000d7000000)
  from space 512K, 100% used [0x00000000d7000000,0x00000000d7080000,0x00000000d7080000)
  to   space 512K, 0% used [0x00000000d7180000,0x00000000d7180000,0x00000000d7200000)
 ParOldGen       total 125440K, used 445K [0x0000000084c00000, 0x000000008c680000, 0x00000000d6f00000)
  object space 125440K, 0% used [0x0000000084c00000,0x0000000084c6f680,0x000000008c680000)
 Metaspace       used 4733K, capacity 4922K, committed 5248K, reserved 1056768K
  class space    used 523K, capacity 562K, committed 640K, reserved 1048576K
}
Event: 70.783 GC heap before
{Heap before GC invocations=4 (full 0):
 PSYoungGen      total 1536K, used 1531K [0x00000000d6f00000, 0x00000000d7200000, 0x0000000100000000)
  eden space 1024K, 99% used [0x00000000d6f00000,0x00000000d6ffedb0,0x00000000d7000000)
  from space 512K, 100% used [0x00000000d7000000,0x00000000d7080000,0x00000000d7080000)
  to   space 512K, 0% used [0x00000000d7180000,0x00000000d7180000,0x00000000d7200000)
 ParOldGen       total 125440K, used 445K [0x0000000084c00000, 0x000000008c680000, 0x00000000d6f00000)
  object space 125440K, 0% used [0x0000000084c00000,0x0000000084c6f680,0x000000008c680000)
 Metaspace       used 6448K, capacity 6526K, committed 6656K, reserved 1056768K
  class space    used 741K, capacity 754K, committed 768K, reserved 1048576K
Event: 70.785 GC heap after
Heap after GC invocations=4 (full 0):
 PSYoungGen      total 2560K, used 496K [0x00000000d6f00000, 0x00000000d7200000, 0x0000000100000000)
  eden space 2048K, 0% used [0x00000000d6f00000,0x00000000d6f00000,0x00000000d7100000)
  from space 512K, 96% used [0x00000000d7180000,0x00000000d71fc010,0x00000000d7200000)
  to   space 512K, 0% used [0x00000000d7100000,0x00000000d7100000,0x00000000d7180000)
 ParOldGen       total 125440K, used 864K [0x0000000084c00000, 0x000000008c680000, 0x00000000d6f00000)
  object space 125440K, 0% used [0x0000000084c00000,0x0000000084cd8110,0x000000008c680000)
 Metaspace       used 6448K, capacity 6526K, committed 6656K, reserved 1056768K
  class space    used 741K, capacity 754K, committed 768K, reserved 1048576K
}
Event: 70.900 GC heap before
{Heap before GC invocations=5 (full 0):
 PSYoungGen      total 2560K, used 2527K [0x00000000d6f00000, 0x00000000d7200000, 0x0000000100000000)
  eden space 2048K, 99% used [0x00000000d6f00000,0x00000000d70fbc78,0x00000000d7100000)
  from space 512K, 96% used [0x00000000d7180000,0x00000000d71fc010,0x00000000d7200000)
  to   space 512K, 0% used [0x00000000d7100000,0x00000000d7100000,0x00000000d7180000)
 ParOldGen       total 125440K, used 864K [0x0000000084c00000, 0x000000008c680000, 0x00000000d6f00000)
  object space 125440K, 0% used [0x0000000084c00000,0x0000000084cd8110,0x000000008c680000)
 Metaspace       used 8303K, capacity 8388K, committed 8448K, reserved 1056768K
  class space    used 976K, capacity 1012K, committed 1024K, reserved 1048576K
Event: 70.902 GC heap after
Heap after GC invocations=5 (full 0):
 PSYoungGen      total 2560K, used 496K [0x00000000d6f00000, 0x00000000d7600000, 0x0000000100000000)
  eden space 2048K, 0% used [0x00000000d6f00000,0x00000000d6f00000,0x00000000d7100000)
  from space 512K, 96% used [0x00000000d7100000,0x00000000d717c010,0x00000000d7180000)
  to   space 1536K, 0% used [0x00000000d7480000,0x00000000d7480000,0x00000000d7600000)
 ParOldGen       total 125440K, used 1532K [0x0000000084c00000, 0x000000008c680000, 0x00000000d6f00000)
  object space 125440K, 1% used [0x0000000084c00000,0x0000000084d7f368,0x000000008c680000)
 Metaspace       used 8303K, capacity 8388K, committed 8448K, reserved 1056768K
  class space    used 976K, capacity 1012K, committed 1024K, reserved 1048576K
}
Event: 71.020 GC heap before
{Heap before GC invocations=6 (full 0):
 PSYoungGen      total 2560K, used 2544K [0x00000000d6f00000, 0x00000000d7600000, 0x0000000100000000)
  eden space 2048K, 100% used [0x00000000d6f00000,0x00000000d7100000,0x00000000d7100000)
  from space 512K, 96% used [0x00000000d7100000,0x00000000d717c010,0x00000000d7180000)
  to   space 1536K, 0% used [0x00000000d7480000,0x00000000d7480000,0x00000000d7600000)
 ParOldGen       total 125440K, used 1532K [0x0000000084c00000, 0x000000008c680000, 0x00000000d6f00000)
  object space 125440K, 1% used [0x0000000084c00000,0x0000000084d7f368,0x000000008c680000)
 Metaspace       used 9360K, capacity 9444K, committed 9600K, reserved 1058816K
  class space    used 1093K, capacity 1108K, committed 1152K, reserved 1048576K
Event: 71.023 GC heap after
Heap after GC invocations=6 (full 0):
 PSYoungGen      total 5632K, used 895K [0x00000000d6f00000, 0x00000000d7600000, 0x0000000100000000)
  eden space 4096K, 0% used [0x00000000d6f00000,0x00000000d6f00000,0x00000000d7300000)
  from space 1536K, 58% used [0x00000000d7480000,0x00000000d755ffa0,0x00000000d7600000)
  to   space 1536K, 0% used [0x00000000d7300000,0x00000000d7300000,0x00000000d7480000)
 ParOldGen       total 125440K, used 1532K [0x0000000084c00000, 0x000000008c680000, 0x00000000d6f00000)
  object space 125440K, 1% used [0x0000000084c00000,0x0000000084d7f368,0x000000008c680000)
 Metaspace       used 9360K, capacity 9444K, committed 9600K, reserved 1058816K
  class space    used 1093K, capacity 1108K, committed 1152K, reserved 1048576K
}

