# JRE version: Java(TM) SE Runtime Environment (8.0-b132) (build 1.8.0-b132)
# Java VM: Java HotSpot(TM) 64-Bit Server VM (25.0-b70 mixed mode windows-amd64 compressed oops)
Heap:
 PSYoungGen      total 4608K, used 2027K [0x00000000d6f00000, 0x00000000d7700000, 0x0000000100000000)
  eden space 3584K, 41% used [0x00000000d6f00000,0x00000000d7072fc8,0x00000000d7280000)
  from space 1024K, 53% used [0x00000000d7280000,0x00000000d7308000,0x00000000d7380000)
  to   space 1024K, 0% used [0x00000000d7600000,0x00000000d7600000,0x00000000d7700000)
 ParOldGen       total 125440K, used 2081K [0x0000000084c00000, 0x000000008c680000, 0x00000000d6f00000)
  object space 125440K, 1% used [0x0000000084c00000,0x0000000084e08490,0x000000008c680000)
 Metaspace       used 10075K, capacity 10186K, committed 10496K, reserved 1058816K
  class space    used 1179K, capacity 1205K, committed 1280K, reserved 1048576K
GC Heap History (10 events):
Event: 5.274 GC heap before
{Heap before GC invocations=7 (full 0):
 PSYoungGen      total 2048K, used 1664K [0x00000000d6f00000, 0x00000000d7200000, 0x0000000100000000)
  eden space 1024K, 100% used [0x00000000d6f00000,0x00000000d7000000,0x00000000d7000000)
  from space 1024K, 62% used [0x00000000d7100000,0x00000000d71a0020,0x00000000d7200000)
  to   space 1024K, 0% used [0x00000000d7000000,0x00000000d7000000,0x00000000d7100000)
 ParOldGen       total 125440K, used 780K [0x0000000084c00000, 0x000000008c680000, 0x00000000d6f00000)
  object space 125440K, 0% used [0x0000000084c00000,0x0000000084cc33c0,0x000000008c680000)
 Metaspace       used 7725K, capacity 7806K, committed 7936K, reserved 1056768K
  class space    used 901K, capacity 946K, committed 1024K, reserved 1048576K
Event: 5.278 GC heap after
Heap after GC invocations=7 (full 0):
 PSYoungGen      total 2048K, used 656K [0x00000000d6f00000, 0x00000000d7300000, 0x0000000100000000)
  eden space 1024K, 0% used [0x00000000d6f00000,0x00000000d6f00000,0x00000000d7000000)
  from space 1024K, 64% used [0x00000000d7000000,0x00000000d70a4010,0x00000000d7100000)
  to   space 1024K, 0% used [0x00000000d7200000,0x00000000d7200000,0x00000000d7300000)
 ParOldGen       total 125440K, used 1077K [0x0000000084c00000, 0x000000008c680000, 0x00000000d6f00000)
  object space 125440K, 0% used [0x0000000084c00000,0x0000000084d0d450,0x000000008c680000)
 Metaspace       used 7725K, capacity 7806K, committed 7936K, reserved 1056768K
  class space    used 901K, capacity 946K, committed 1024K, reserved 1048576K
}
Event: 5.336 GC heap before
{Heap before GC invocations=8 (full 0):
 PSYoungGen      total 2048K, used 1680K [0x00000000d6f00000, 0x00000000d7300000, 0x0000000100000000)
  eden space 1024K, 100% used [0x00000000d6f00000,0x00000000d7000000,0x00000000d7000000)
  from space 1024K, 64% used [0x00000000d7000000,0x00000000d70a4010,0x00000000d7100000)
  to   space 1024K, 0% used [0x00000000d7200000,0x00000000d7200000,0x00000000d7300000)
 ParOldGen       total 125440K, used 1077K [0x0000000084c00000, 0x000000008c680000, 0x00000000d6f00000)
  object space 125440K, 0% used [0x0000000084c00000,0x0000000084d0d450,0x000000008c680000)
 Metaspace       used 8348K, capacity 8452K, committed 8704K, reserved 1056768K
  class space    used 980K, capacity 1012K, committed 1024K, reserved 1048576K
Event: 5.339 GC heap after
Heap after GC invocations=8 (full 0):
 PSYoungGen      total 3072K, used 797K [0x00000000d6f00000, 0x00000000d7300000, 0x0000000100000000)
  eden space 2048K, 0% used [0x00000000d6f00000,0x00000000d6f00000,0x00000000d7100000)
  from space 1024K, 77% used [0x00000000d7200000,0x00000000d72c76a8,0x00000000d7300000)
  to   space 1024K, 0% used [0x00000000d7100000,0x00000000d7100000,0x00000000d7200000)
 ParOldGen       total 125440K, used 1197K [0x0000000084c00000, 0x000000008c680000, 0x00000000d6f00000)
  object space 125440K, 0% used [0x0000000084c00000,0x0000000084d2b450,0x000000008c680000)
 Metaspace       used 8348K, capacity 8452K, committed 8704K, reserved 1056768K
  class space    used 980K, capacity 1012K, committed 1024K, reserved 1048576K
}
Event: 5.447 GC heap before
{Heap before GC invocations=9 (full 0):
 PSYoungGen      total 3072K, used 2845K [0x00000000d6f00000, 0x00000000d7300000, 0x0000000100000000)
  eden space 2048K, 100% used [0x00000000d6f00000,0x00000000d7100000,0x00000000d7100000)
  from space 1024K, 77% used [0x00000000d7200000,0x00000000d72c76a8,0x00000000d7300000)
  to   space 1024K, 0% used [0x00000000d7100000,0x00000000d7100000,0x00000000d7200000)
 ParOldGen       total 125440K, used 1197K [0x0000000084c00000, 0x000000008c680000, 0x00000000d6f00000)
  object space 125440K, 0% used [0x0000000084c00000,0x0000000084d2b450,0x000000008c680000)
 Metaspace       used 9397K, capacity 9540K, committed 9600K, reserved 1058816K
  class space    used 1097K, capacity 1140K, committed 1152K, reserved 1048576K
Event: 5.448 GC heap after
Heap after GC invocations=9 (full 0):
 PSYoungGen      total 3072K, used 863K [0x00000000d6f00000, 0x00000000d7480000, 0x0000000100000000)
  eden space 2048K, 0% used [0x00000000d6f00000,0x00000000d6f00000,0x00000000d7100000)
  from space 1024K, 84% used [0x00000000d7100000,0x00000000d71d7fa0,0x00000000d7200000)
  to   space 1024K, 0% used [0x00000000d7380000,0x00000000d7380000,0x00000000d7480000)
 ParOldGen       total 125440K, used 1365K [0x0000000084c00000, 0x000000008c680000, 0x00000000d6f00000)
  object space 125440K, 1% used [0x0000000084c00000,0x0000000084d55470,0x000000008c680000)
 Metaspace       used 9397K, capacity 9540K, committed 9600K, reserved 1058816K
  class space    used 1097K, capacity 1140K, committed 1152K, reserved 1048576K
}
Event: 6.273 GC heap before
{Heap before GC invocations=10 (full 0):
 PSYoungGen      total 3072K, used 2911K [0x00000000d6f00000, 0x00000000d7480000, 0x0000000100000000)
  eden space 2048K, 100% used [0x00000000d6f00000,0x00000000d7100000,0x00000000d7100000)
  from space 1024K, 84% used [0x00000000d7100000,0x00000000d71d7fa0,0x00000000d7200000)
  to   space 1024K, 0% used [0x00000000d7380000,0x00000000d7380000,0x00000000d7480000)
 ParOldGen       total 125440K, used 1365K [0x0000000084c00000, 0x000000008c680000, 0x00000000d6f00000)
  object space 125440K, 1% used [0x0000000084c00000,0x0000000084d55470,0x000000008c680000)
 Metaspace       used 9910K, capacity 10058K, committed 10240K, reserved 1058816K
  class space    used 1166K, capacity 1205K, committed 1280K, reserved 1048576K
Event: 6.275 GC heap after
Heap after GC invocations=10 (full 0):
 PSYoungGen      total 4608K, used 640K [0x00000000d6f00000, 0x00000000d7480000, 0x0000000100000000)
  eden space 3584K, 0% used [0x00000000d6f00000,0x00000000d6f00000,0x00000000d7280000)
  from space 1024K, 62% used [0x00000000d7380000,0x00000000d7420000,0x00000000d7480000)
  to   space 1024K, 0% used [0x00000000d7280000,0x00000000d7280000,0x00000000d7380000)
 ParOldGen       total 125440K, used 1765K [0x0000000084c00000, 0x000000008c680000, 0x00000000d6f00000)
  object space 125440K, 1% used [0x0000000084c00000,0x0000000084db9480,0x000000008c680000)
 Metaspace       used 9910K, capacity 10058K, committed 10240K, reserved 1058816K
  class space    used 1166K, capacity 1205K, committed 1280K, reserved 1048576K
}
Event: 33.960 GC heap before
{Heap before GC invocations=11 (full 0):
 PSYoungGen      total 4608K, used 4224K [0x00000000d6f00000, 0x00000000d7480000, 0x0000000100000000)
  eden space 3584K, 100% used [0x00000000d6f00000,0x00000000d7280000,0x00000000d7280000)
  from space 1024K, 62% used [0x00000000d7380000,0x00000000d7420000,0x00000000d7480000)
  to   space 1024K, 0% used [0x00000000d7280000,0x00000000d7280000,0x00000000d7380000)
 ParOldGen       total 125440K, used 1765K [0x0000000084c00000, 0x000000008c680000, 0x00000000d6f00000)
  object space 125440K, 1% used [0x0000000084c00000,0x0000000084db9480,0x000000008c680000)
 Metaspace       used 10006K, capacity 10122K, committed 10496K, reserved 1058816K
  class space    used 1170K, capacity 1205K, committed 1280K, reserved 1048576K
Event: 33.962 GC heap after
Heap after GC invocations=11 (full 0):
 PSYoungGen      total 4608K, used 544K [0x00000000d6f00000, 0x00000000d7700000, 0x0000000100000000)
  eden space 3584K, 0% used [0x00000000d6f00000,0x00000000d6f00000,0x00000000d7280000)
  from space 1024K, 53% used [0x00000000d7280000,0x00000000d7308000,0x00000000d7380000)
  to   space 1024K, 0% used [0x00000000d7600000,0x00000000d7600000,0x00000000d7700000)
 ParOldGen       total 125440K, used 2081K [0x0000000084c00000, 0x000000008c680000, 0x00000000d6f00000)
  object space 125440K, 1% used [0x0000000084c00000,0x0000000084e08490,0x000000008c680000)
 Metaspace       used 10006K, capacity 10122K, committed 10496K, reserved 1058816K
  class space    used 1170K, capacity 1205K, committed 1280K, reserved 1048576K
}

