# JRE version: Java(TM) SE Runtime Environment (8.0-b132) (build 1.8.0-b132)
# Java VM: Java HotSpot(TM) 64-Bit Server VM (25.0-b70 mixed mode windows-amd64 compressed oops)
Heap:
 PSYoungGen      total 24064K, used 5978K [0x00000000d6f00000, 0x00000000d9200000, 0x0000000100000000)
  eden space 18944K, 26% used [0x00000000d6f00000,0x00000000d73fd4e0,0x00000000d8180000)
  from space 5120K, 16% used [0x00000000d8180000,0x00000000d8259630,0x00000000d8680000)
  to   space 4608K, 0% used [0x00000000d8d80000,0x00000000d8d80000,0x00000000d9200000)
 ParOldGen       total 125440K, used 18303K [0x0000000084c00000, 0x000000008c680000, 0x00000000d6f00000)
  object space 125440K, 14% used [0x0000000084c00000,0x0000000085ddfe38,0x000000008c680000)
 Metaspace       used 16493K, capacity 16676K, committed 16896K, reserved 1064960K
  class space    used 1994K, capacity 2041K, committed 2048K, reserved 1048576K
GC Heap History (10 events):
Event: 103.479 GC heap before
{Heap before GC invocations=15 (full 0):
 PSYoungGen      total 13312K, used 11776K [0x00000000d6f00000, 0x00000000d8100000, 0x0000000100000000)
  eden space 8192K, 100% used [0x00000000d6f00000,0x00000000d7700000,0x00000000d7700000)
  from space 5120K, 70% used [0x00000000d7c00000,0x00000000d7f80000,0x00000000d8100000)
  to   space 5120K, 0% used [0x00000000d7700000,0x00000000d7700000,0x00000000d7c00000)
 ParOldGen       total 125440K, used 14116K [0x0000000084c00000, 0x000000008c680000, 0x00000000d6f00000)
  object space 125440K, 11% used [0x0000000084c00000,0x00000000859c9288,0x000000008c680000)
 Metaspace       used 14992K, capacity 15140K, committed 15488K, reserved 1062912K
  class space    used 1806K, capacity 1849K, committed 1920K, reserved 1048576K
Event: 103.483 GC heap after
Heap after GC invocations=15 (full 0):
 PSYoungGen      total 13312K, used 416K [0x00000000d6f00000, 0x00000000d8600000, 0x0000000100000000)
  eden space 8192K, 0% used [0x00000000d6f00000,0x00000000d6f00000,0x00000000d7700000)
  from space 5120K, 8% used [0x00000000d7700000,0x00000000d7768000,0x00000000d7c00000)
  to   space 5120K, 0% used [0x00000000d8100000,0x00000000d8100000,0x00000000d8600000)
 ParOldGen       total 125440K, used 17388K [0x0000000084c00000, 0x000000008c680000, 0x00000000d6f00000)
  object space 125440K, 13% used [0x0000000084c00000,0x0000000085cfb298,0x000000008c680000)
 Metaspace       used 14992K, capacity 15140K, committed 15488K, reserved 1062912K
  class space    used 1806K, capacity 1849K, committed 1920K, reserved 1048576K
}
Event: 111.486 GC heap before
{Heap before GC invocations=16 (full 0):
 PSYoungGen      total 13312K, used 8608K [0x00000000d6f00000, 0x00000000d8600000, 0x0000000100000000)
  eden space 8192K, 100% used [0x00000000d6f00000,0x00000000d7700000,0x00000000d7700000)
  from space 5120K, 8% used [0x00000000d7700000,0x00000000d7768000,0x00000000d7c00000)
  to   space 5120K, 0% used [0x00000000d8100000,0x00000000d8100000,0x00000000d8600000)
 ParOldGen       total 125440K, used 17388K [0x0000000084c00000, 0x000000008c680000, 0x00000000d6f00000)
  object space 125440K, 13% used [0x0000000084c00000,0x0000000085cfb298,0x000000008c680000)
 Metaspace       used 16319K, capacity 16484K, committed 16640K, reserved 1064960K
  class space    used 1992K, capacity 2041K, committed 2048K, reserved 1048576K
Event: 111.489 GC heap after
Heap after GC invocations=16 (full 0):
 PSYoungGen      total 18432K, used 787K [0x00000000d6f00000, 0x00000000d8600000, 0x0000000100000000)
  eden space 13312K, 0% used [0x00000000d6f00000,0x00000000d6f00000,0x00000000d7c00000)
  from space 5120K, 15% used [0x00000000d8100000,0x00000000d81c4c48,0x00000000d8600000)
  to   space 5120K, 0% used [0x00000000d7c00000,0x00000000d7c00000,0x00000000d8100000)
 ParOldGen       total 125440K, used 17540K [0x0000000084c00000, 0x000000008c680000, 0x00000000d6f00000)
  object space 125440K, 13% used [0x0000000084c00000,0x0000000085d21168,0x000000008c680000)
 Metaspace       used 16319K, capacity 16484K, committed 16640K, reserved 1064960K
  class space    used 1992K, capacity 2041K, committed 2048K, reserved 1048576K
}
Event: 119.550 GC heap before
{Heap before GC invocations=17 (full 0):
 PSYoungGen      total 18432K, used 14099K [0x00000000d6f00000, 0x00000000d8600000, 0x0000000100000000)
  eden space 13312K, 100% used [0x00000000d6f00000,0x00000000d7c00000,0x00000000d7c00000)
  from space 5120K, 15% used [0x00000000d8100000,0x00000000d81c4c48,0x00000000d8600000)
  to   space 5120K, 0% used [0x00000000d7c00000,0x00000000d7c00000,0x00000000d8100000)
 ParOldGen       total 125440K, used 17540K [0x0000000084c00000, 0x000000008c680000, 0x00000000d6f00000)
  object space 125440K, 13% used [0x0000000084c00000,0x0000000085d21168,0x000000008c680000)
 Metaspace       used 16451K, capacity 16612K, committed 16896K, reserved 1064960K
  class space    used 1993K, capacity 2041K, committed 2048K, reserved 1048576K
Event: 119.552 GC heap after
Heap after GC invocations=17 (full 0):
 PSYoungGen      total 18432K, used 345K [0x00000000d6f00000, 0x00000000d8b80000, 0x0000000100000000)
  eden space 13312K, 0% used [0x00000000d6f00000,0x00000000d6f00000,0x00000000d7c00000)
  from space 5120K, 6% used [0x00000000d7c00000,0x00000000d7c564b8,0x00000000d8100000)
  to   space 5120K, 0% used [0x00000000d8680000,0x00000000d8680000,0x00000000d8b80000)
 ParOldGen       total 125440K, used 18059K [0x0000000084c00000, 0x000000008c680000, 0x00000000d6f00000)
  object space 125440K, 14% used [0x0000000084c00000,0x0000000085da2e40,0x000000008c680000)
 Metaspace       used 16451K, capacity 16612K, committed 16896K, reserved 1064960K
  class space    used 1993K, capacity 2041K, committed 2048K, reserved 1048576K
}
Event: 131.614 GC heap before
{Heap before GC invocations=18 (full 0):
 PSYoungGen      total 18432K, used 13657K [0x00000000d6f00000, 0x00000000d8b80000, 0x0000000100000000)
  eden space 13312K, 100% used [0x00000000d6f00000,0x00000000d7c00000,0x00000000d7c00000)
  from space 5120K, 6% used [0x00000000d7c00000,0x00000000d7c564b8,0x00000000d8100000)
  to   space 5120K, 0% used [0x00000000d8680000,0x00000000d8680000,0x00000000d8b80000)
 ParOldGen       total 125440K, used 18059K [0x0000000084c00000, 0x000000008c680000, 0x00000000d6f00000)
  object space 125440K, 14% used [0x0000000084c00000,0x0000000085da2e40,0x000000008c680000)
 Metaspace       used 16462K, capacity 16676K, committed 16896K, reserved 1064960K
  class space    used 1993K, capacity 2041K, committed 2048K, reserved 1048576K
Event: 131.616 GC heap after
Heap after GC invocations=18 (full 0):
 PSYoungGen      total 24064K, used 352K [0x00000000d6f00000, 0x00000000d8b80000, 0x0000000100000000)
  eden space 18944K, 0% used [0x00000000d6f00000,0x00000000d6f00000,0x00000000d8180000)
  from space 5120K, 6% used [0x00000000d8680000,0x00000000d86d8000,0x00000000d8b80000)
  to   space 5120K, 0% used [0x00000000d8180000,0x00000000d8180000,0x00000000d8680000)
 ParOldGen       total 125440K, used 18220K [0x0000000084c00000, 0x000000008c680000, 0x00000000d6f00000)
  object space 125440K, 14% used [0x0000000084c00000,0x0000000085dcb2f8,0x000000008c680000)
 Metaspace       used 16462K, capacity 16676K, committed 16896K, reserved 1064960K
  class space    used 1993K, capacity 2041K, committed 2048K, reserved 1048576K
}
Event: 151.844 GC heap before
{Heap before GC invocations=19 (full 0):
 PSYoungGen      total 24064K, used 19296K [0x00000000d6f00000, 0x00000000d8b80000, 0x0000000100000000)
  eden space 18944K, 100% used [0x00000000d6f00000,0x00000000d8180000,0x00000000d8180000)
  from space 5120K, 6% used [0x00000000d8680000,0x00000000d86d8000,0x00000000d8b80000)
  to   space 5120K, 0% used [0x00000000d8180000,0x00000000d8180000,0x00000000d8680000)
 ParOldGen       total 125440K, used 18220K [0x0000000084c00000, 0x000000008c680000, 0x00000000d6f00000)
  object space 125440K, 14% used [0x0000000084c00000,0x0000000085dcb2f8,0x000000008c680000)
 Metaspace       used 16488K, capacity 16676K, committed 16896K, reserved 1064960K
  class space    used 1993K, capacity 2041K, committed 2048K, reserved 1048576K
Event: 151.846 GC heap after
Heap after GC invocations=19 (full 0):
 PSYoungGen      total 24064K, used 869K [0x00000000d6f00000, 0x00000000d9200000, 0x0000000100000000)
  eden space 18944K, 0% used [0x00000000d6f00000,0x00000000d6f00000,0x00000000d8180000)
  from space 5120K, 16% used [0x00000000d8180000,0x00000000d8259630,0x00000000d8680000)
  to   space 4608K, 0% used [0x00000000d8d80000,0x00000000d8d80000,0x00000000d9200000)
 ParOldGen       total 125440K, used 18303K [0x0000000084c00000, 0x000000008c680000, 0x00000000d6f00000)
  object space 125440K, 14% used [0x0000000084c00000,0x0000000085ddfe38,0x000000008c680000)
 Metaspace       used 16488K, capacity 16676K, committed 16896K, reserved 1064960K
  class space    used 1993K, capacity 2041K, committed 2048K, reserved 1048576K
}

