# JRE version: Java(TM) SE Runtime Environment (8.0-b132) (build 1.8.0-b132)
# Java VM: Java HotSpot(TM) 64-Bit Server VM (25.0-b70 mixed mode windows-amd64 compressed oops)
Heap:
 PSYoungGen      total 18432K, used 5690K [0x00000000d6f00000, 0x00000000d8980000, 0x0000000100000000)
  eden space 14336K, 35% used [0x00000000d6f00000,0x00000000d73eeb10,0x00000000d7d00000)
  from space 4096K, 15% used [0x00000000d7d00000,0x00000000d7da0000,0x00000000d8100000)
  to   space 4096K, 0% used [0x00000000d8580000,0x00000000d8580000,0x00000000d8980000)
 ParOldGen       total 125440K, used 17820K [0x0000000084c00000, 0x000000008c680000, 0x00000000d6f00000)
  object space 125440K, 14% used [0x0000000084c00000,0x0000000085d67190,0x000000008c680000)
 Metaspace       used 15226K, capacity 15392K, committed 15744K, reserved 1062912K
  class space    used 1823K, capacity 1849K, committed 1920K, reserved 1048576K
GC Heap History (10 events):
Event: 115.171 GC heap before
{Heap before GC invocations=21 (full 0):
 PSYoungGen      total 11776K, used 7552K [0x00000000d6f00000, 0x00000000d7f00000, 0x0000000100000000)
  eden space 7168K, 100% used [0x00000000d6f00000,0x00000000d7600000,0x00000000d7600000)
  from space 4608K, 8% used [0x00000000d7a80000,0x00000000d7ae0000,0x00000000d7f00000)
  to   space 4608K, 0% used [0x00000000d7600000,0x00000000d7600000,0x00000000d7a80000)
 ParOldGen       total 125440K, used 17180K [0x0000000084c00000, 0x000000008c680000, 0x00000000d6f00000)
  object space 125440K, 13% used [0x0000000084c00000,0x0000000085cc7040,0x000000008c680000)
 Metaspace       used 15169K, capacity 15328K, committed 15488K, reserved 1062912K
  class space    used 1822K, capacity 1849K, committed 1920K, reserved 1048576K
Event: 115.173 GC heap after
Heap after GC invocations=21 (full 0):
 PSYoungGen      total 11776K, used 320K [0x00000000d6f00000, 0x00000000d8200000, 0x0000000100000000)
  eden space 7168K, 0% used [0x00000000d6f00000,0x00000000d6f00000,0x00000000d7600000)
  from space 4608K, 6% used [0x00000000d7600000,0x00000000d7650000,0x00000000d7a80000)
  to   space 4608K, 0% used [0x00000000d7d80000,0x00000000d7d80000,0x00000000d8200000)
 ParOldGen       total 125440K, used 17331K [0x0000000084c00000, 0x000000008c680000, 0x00000000d6f00000)
  object space 125440K, 13% used [0x0000000084c00000,0x0000000085cecd10,0x000000008c680000)
 Metaspace       used 15169K, capacity 15328K, committed 15488K, reserved 1062912K
  class space    used 1822K, capacity 1849K, committed 1920K, reserved 1048576K
}
Event: 124.306 GC heap before
{Heap before GC invocations=22 (full 0):
 PSYoungGen      total 11776K, used 7488K [0x00000000d6f00000, 0x00000000d8200000, 0x0000000100000000)
  eden space 7168K, 100% used [0x00000000d6f00000,0x00000000d7600000,0x00000000d7600000)
  from space 4608K, 6% used [0x00000000d7600000,0x00000000d7650000,0x00000000d7a80000)
  to   space 4608K, 0% used [0x00000000d7d80000,0x00000000d7d80000,0x00000000d8200000)
 ParOldGen       total 125440K, used 17331K [0x0000000084c00000, 0x000000008c680000, 0x00000000d6f00000)
  object space 125440K, 13% used [0x0000000084c00000,0x0000000085cecd10,0x000000008c680000)
 Metaspace       used 15180K, capacity 15328K, committed 15488K, reserved 1062912K
  class space    used 1822K, capacity 1849K, committed 1920K, reserved 1048576K
Event: 124.308 GC heap after
Heap after GC invocations=22 (full 0):
 PSYoungGen      total 14848K, used 384K [0x00000000d6f00000, 0x00000000d8200000, 0x0000000100000000)
  eden space 10240K, 0% used [0x00000000d6f00000,0x00000000d6f00000,0x00000000d7900000)
  from space 4608K, 8% used [0x00000000d7d80000,0x00000000d7de0000,0x00000000d8200000)
  to   space 4608K, 0% used [0x00000000d7900000,0x00000000d7900000,0x00000000d7d80000)
 ParOldGen       total 125440K, used 17436K [0x0000000084c00000, 0x000000008c680000, 0x00000000d6f00000)
  object space 125440K, 13% used [0x0000000084c00000,0x0000000085d07110,0x000000008c680000)
 Metaspace       used 15180K, capacity 15328K, committed 15488K, reserved 1062912K
  class space    used 1822K, capacity 1849K, committed 1920K, reserved 1048576K
}
Event: 137.546 GC heap before
{Heap before GC invocations=23 (full 0):
 PSYoungGen      total 14848K, used 10624K [0x00000000d6f00000, 0x00000000d8200000, 0x0000000100000000)
  eden space 10240K, 100% used [0x00000000d6f00000,0x00000000d7900000,0x00000000d7900000)
  from space 4608K, 8% used [0x00000000d7d80000,0x00000000d7de0000,0x00000000d8200000)
  to   space 4608K, 0% used [0x00000000d7900000,0x00000000d7900000,0x00000000d7d80000)
 ParOldGen       total 125440K, used 17436K [0x0000000084c00000, 0x000000008c680000, 0x00000000d6f00000)
  object space 125440K, 13% used [0x0000000084c00000,0x0000000085d07110,0x000000008c680000)
 Metaspace       used 15192K, capacity 15328K, committed 15488K, reserved 1062912K
  class space    used 1822K, capacity 1849K, committed 1920K, reserved 1048576K
Event: 137.548 GC heap after
Heap after GC invocations=23 (full 0):
 PSYoungGen      total 14848K, used 448K [0x00000000d6f00000, 0x00000000d8500000, 0x0000000100000000)
  eden space 10240K, 0% used [0x00000000d6f00000,0x00000000d6f00000,0x00000000d7900000)
  from space 4608K, 9% used [0x00000000d7900000,0x00000000d7970000,0x00000000d7d80000)
  to   space 4096K, 0% used [0x00000000d8100000,0x00000000d8100000,0x00000000d8500000)
 ParOldGen       total 125440K, used 17554K [0x0000000084c00000, 0x000000008c680000, 0x00000000d6f00000)
  object space 125440K, 13% used [0x0000000084c00000,0x0000000085d24ab8,0x000000008c680000)
 Metaspace       used 15192K, capacity 15328K, committed 15488K, reserved 1062912K
  class space    used 1822K, capacity 1849K, committed 1920K, reserved 1048576K
}
Event: 151.155 GC heap before
{Heap before GC invocations=24 (full 0):
 PSYoungGen      total 14848K, used 10688K [0x00000000d6f00000, 0x00000000d8500000, 0x0000000100000000)
  eden space 10240K, 100% used [0x00000000d6f00000,0x00000000d7900000,0x00000000d7900000)
  from space 4608K, 9% used [0x00000000d7900000,0x00000000d7970000,0x00000000d7d80000)
  to   space 4096K, 0% used [0x00000000d8100000,0x00000000d8100000,0x00000000d8500000)
 ParOldGen       total 125440K, used 17554K [0x0000000084c00000, 0x000000008c680000, 0x00000000d6f00000)
  object space 125440K, 13% used [0x0000000084c00000,0x0000000085d24ab8,0x000000008c680000)
 Metaspace       used 15204K, capacity 15328K, committed 15488K, reserved 1062912K
  class space    used 1822K, capacity 1849K, committed 1920K, reserved 1048576K
Event: 151.158 GC heap after
Heap after GC invocations=24 (full 0):
 PSYoungGen      total 18432K, used 480K [0x00000000d6f00000, 0x00000000d8500000, 0x0000000100000000)
  eden space 14336K, 0% used [0x00000000d6f00000,0x00000000d6f00000,0x00000000d7d00000)
  from space 4096K, 11% used [0x00000000d8100000,0x00000000d8178000,0x00000000d8500000)
  to   space 4096K, 0% used [0x00000000d7d00000,0x00000000d7d00000,0x00000000d8100000)
 ParOldGen       total 125440K, used 17686K [0x0000000084c00000, 0x000000008c680000, 0x00000000d6f00000)
  object space 125440K, 14% used [0x0000000084c00000,0x0000000085d45a00,0x000000008c680000)
 Metaspace       used 15204K, capacity 15328K, committed 15488K, reserved 1062912K
  class space    used 1822K, capacity 1849K, committed 1920K, reserved 1048576K
}
Event: 169.648 GC heap before
{Heap before GC invocations=25 (full 0):
 PSYoungGen      total 18432K, used 14816K [0x00000000d6f00000, 0x00000000d8500000, 0x0000000100000000)
  eden space 14336K, 100% used [0x00000000d6f00000,0x00000000d7d00000,0x00000000d7d00000)
  from space 4096K, 11% used [0x00000000d8100000,0x00000000d8178000,0x00000000d8500000)
  to   space 4096K, 0% used [0x00000000d7d00000,0x00000000d7d00000,0x00000000d8100000)
 ParOldGen       total 125440K, used 17686K [0x0000000084c00000, 0x000000008c680000, 0x00000000d6f00000)
  object space 125440K, 14% used [0x0000000084c00000,0x0000000085d45a00,0x000000008c680000)
 Metaspace       used 15213K, capacity 15392K, committed 15744K, reserved 1062912K
  class space    used 1822K, capacity 1849K, committed 1920K, reserved 1048576K
Event: 169.651 GC heap after
Heap after GC invocations=25 (full 0):
 PSYoungGen      total 18432K, used 640K [0x00000000d6f00000, 0x00000000d8980000, 0x0000000100000000)
  eden space 14336K, 0% used [0x00000000d6f00000,0x00000000d6f00000,0x00000000d7d00000)
  from space 4096K, 15% used [0x00000000d7d00000,0x00000000d7da0000,0x00000000d8100000)
  to   space 4096K, 0% used [0x00000000d8580000,0x00000000d8580000,0x00000000d8980000)
 ParOldGen       total 125440K, used 17820K [0x0000000084c00000, 0x000000008c680000, 0x00000000d6f00000)
  object space 125440K, 14% used [0x0000000084c00000,0x0000000085d67190,0x000000008c680000)
 Metaspace       used 15213K, capacity 15392K, committed 15744K, reserved 1062912K
  class space    used 1822K, capacity 1849K, committed 1920K, reserved 1048576K
}

