# JRE version: Java(TM) SE Runtime Environment (8.0-b132) (build 1.8.0-b132)
# Java VM: Java HotSpot(TM) 64-Bit Server VM (25.0-b70 mixed mode windows-amd64 compressed oops)
Heap:
 PSYoungGen      total 6656K, used 1123K [0x00000000d6f00000, 0x00000000d7a00000, 0x0000000100000000)
  eden space 5120K, 11% used [0x00000000d6f00000,0x00000000d6f90c90,0x00000000d7400000)
  from space 1536K, 35% used [0x00000000d7400000,0x00000000d7488000,0x00000000d7580000)
  to   space 1536K, 0% used [0x00000000d7880000,0x00000000d7880000,0x00000000d7a00000)
 ParOldGen       total 125440K, used 2435K [0x0000000084c00000, 0x000000008c680000, 0x00000000d6f00000)
  object space 125440K, 1% used [0x0000000084c00000,0x0000000084e60dc0,0x000000008c680000)
 Metaspace       used 12293K, capacity 12362K, committed 12544K, reserved 1060864K
  class space    used 1452K, capacity 1461K, committed 1536K, reserved 1048576K
GC Heap History (10 events):
Event: 30.882 GC heap before
{Heap before GC invocations=7 (full 0):
 PSYoungGen      total 2560K, used 2432K [0x00000000d6f00000, 0x00000000d7400000, 0x0000000100000000)
  eden space 1536K, 100% used [0x00000000d6f00000,0x00000000d7080000,0x00000000d7080000)
  from space 1024K, 87% used [0x00000000d7200000,0x00000000d72e0000,0x00000000d7300000)
  to   space 1536K, 0% used [0x00000000d7080000,0x00000000d7080000,0x00000000d7200000)
 ParOldGen       total 125440K, used 874K [0x0000000084c00000, 0x000000008c680000, 0x00000000d6f00000)
  object space 125440K, 0% used [0x0000000084c00000,0x0000000084cdaa28,0x000000008c680000)
 Metaspace       used 8774K, capacity 8900K, committed 9088K, reserved 1056768K
  class space    used 1030K, capacity 1076K, committed 1152K, reserved 1048576K
Event: 30.884 GC heap after
Heap after GC invocations=7 (full 0):
 PSYoungGen      total 3072K, used 1071K [0x00000000d6f00000, 0x00000000d7500000, 0x0000000100000000)
  eden space 1536K, 0% used [0x00000000d6f00000,0x00000000d6f00000,0x00000000d7080000)
  from space 1536K, 69% used [0x00000000d7080000,0x00000000d718bfb0,0x00000000d7200000)
  to   space 1536K, 0% used [0x00000000d7380000,0x00000000d7380000,0x00000000d7500000)
 ParOldGen       total 125440K, used 1138K [0x0000000084c00000, 0x000000008c680000, 0x00000000d6f00000)
  object space 125440K, 0% used [0x0000000084c00000,0x0000000084d1ca58,0x000000008c680000)
 Metaspace       used 8774K, capacity 8900K, committed 9088K, reserved 1056768K
  class space    used 1030K, capacity 1076K, committed 1152K, reserved 1048576K
}
Event: 30.956 GC heap before
{Heap before GC invocations=8 (full 0):
 PSYoungGen      total 3072K, used 2592K [0x00000000d6f00000, 0x00000000d7500000, 0x0000000100000000)
  eden space 1536K, 99% used [0x00000000d6f00000,0x00000000d707c420,0x00000000d7080000)
  from space 1536K, 69% used [0x00000000d7080000,0x00000000d718bfb0,0x00000000d7200000)
  to   space 1536K, 0% used [0x00000000d7380000,0x00000000d7380000,0x00000000d7500000)
 ParOldGen       total 125440K, used 1138K [0x0000000084c00000, 0x000000008c680000, 0x00000000d6f00000)
  object space 125440K, 0% used [0x0000000084c00000,0x0000000084d1ca58,0x000000008c680000)
 Metaspace       used 9386K, capacity 9476K, committed 9600K, reserved 1058816K
  class space    used 1095K, capacity 1140K, committed 1152K, reserved 1048576K
Event: 30.957 GC heap after
Heap after GC invocations=8 (full 0):
 PSYoungGen      total 4608K, used 882K [0x00000000d6f00000, 0x00000000d7500000, 0x0000000100000000)
  eden space 3072K, 0% used [0x00000000d6f00000,0x00000000d6f00000,0x00000000d7200000)
  from space 1536K, 57% used [0x00000000d7380000,0x00000000d745c9b8,0x00000000d7500000)
  to   space 1536K, 0% used [0x00000000d7200000,0x00000000d7200000,0x00000000d7380000)
 ParOldGen       total 125440K, used 1242K [0x0000000084c00000, 0x000000008c680000, 0x00000000d6f00000)
  object space 125440K, 0% used [0x0000000084c00000,0x0000000084d36a58,0x000000008c680000)
 Metaspace       used 9386K, capacity 9476K, committed 9600K, reserved 1058816K
  class space    used 1095K, capacity 1140K, committed 1152K, reserved 1048576K
}
Event: 31.862 GC heap before
{Heap before GC invocations=9 (full 0):
 PSYoungGen      total 4608K, used 3954K [0x00000000d6f00000, 0x00000000d7500000, 0x0000000100000000)
  eden space 3072K, 100% used [0x00000000d6f00000,0x00000000d7200000,0x00000000d7200000)
  from space 1536K, 57% used [0x00000000d7380000,0x00000000d745c9b8,0x00000000d7500000)
  to   space 1536K, 0% used [0x00000000d7200000,0x00000000d7200000,0x00000000d7380000)
 ParOldGen       total 125440K, used 1242K [0x0000000084c00000, 0x000000008c680000, 0x00000000d6f00000)
  object space 125440K, 0% used [0x0000000084c00000,0x0000000084d36a58,0x000000008c680000)
 Metaspace       used 12012K, capacity 12106K, committed 12288K, reserved 1060864K
  class space    used 1447K, capacity 1461K, committed 1536K, reserved 1048576K
Event: 31.864 GC heap after
Heap after GC invocations=9 (full 0):
 PSYoungGen      total 4608K, used 1312K [0x00000000d6f00000, 0x00000000d7700000, 0x0000000100000000)
  eden space 3072K, 0% used [0x00000000d6f00000,0x00000000d6f00000,0x00000000d7200000)
  from space 1536K, 85% used [0x00000000d7200000,0x00000000d73480a0,0x00000000d7380000)
  to   space 1536K, 0% used [0x00000000d7580000,0x00000000d7580000,0x00000000d7700000)
 ParOldGen       total 125440K, used 1570K [0x0000000084c00000, 0x000000008c680000, 0x00000000d6f00000)
  object space 125440K, 1% used [0x0000000084c00000,0x0000000084d88a88,0x000000008c680000)
 Metaspace       used 12012K, capacity 12106K, committed 12288K, reserved 1060864K
  class space    used 1447K, capacity 1461K, committed 1536K, reserved 1048576K
}
Event: 36.703 GC heap before
{Heap before GC invocations=10 (full 0):
 PSYoungGen      total 4608K, used 4384K [0x00000000d6f00000, 0x00000000d7700000, 0x0000000100000000)
  eden space 3072K, 100% used [0x00000000d6f00000,0x00000000d7200000,0x00000000d7200000)
  from space 1536K, 85% used [0x00000000d7200000,0x00000000d73480a0,0x00000000d7380000)
  to   space 1536K, 0% used [0x00000000d7580000,0x00000000d7580000,0x00000000d7700000)
 ParOldGen       total 125440K, used 1570K [0x0000000084c00000, 0x000000008c680000, 0x00000000d6f00000)
  object space 125440K, 1% used [0x0000000084c00000,0x0000000084d88a88,0x000000008c680000)
 Metaspace       used 12217K, capacity 12298K, committed 12544K, reserved 1060864K
  class space    used 1448K, capacity 1461K, committed 1536K, reserved 1048576K
Event: 36.705 GC heap after
Heap after GC invocations=10 (full 0):
 PSYoungGen      total 6656K, used 608K [0x00000000d6f00000, 0x00000000d7700000, 0x0000000100000000)
  eden space 5120K, 0% used [0x00000000d6f00000,0x00000000d6f00000,0x00000000d7400000)
  from space 1536K, 39% used [0x00000000d7580000,0x00000000d7618000,0x00000000d7700000)
  to   space 1536K, 0% used [0x00000000d7400000,0x00000000d7400000,0x00000000d7580000)
 ParOldGen       total 125440K, used 1959K [0x0000000084c00000, 0x000000008c680000, 0x00000000d6f00000)
  object space 125440K, 1% used [0x0000000084c00000,0x0000000084de9db0,0x000000008c680000)
 Metaspace       used 12217K, capacity 12298K, committed 12544K, reserved 1060864K
  class space    used 1448K, capacity 1461K, committed 1536K, reserved 1048576K
}
Event: 62.465 GC heap before
{Heap before GC invocations=11 (full 0):
 PSYoungGen      total 6656K, used 5728K [0x00000000d6f00000, 0x00000000d7700000, 0x0000000100000000)
  eden space 5120K, 100% used [0x00000000d6f00000,0x00000000d7400000,0x00000000d7400000)
  from space 1536K, 39% used [0x00000000d7580000,0x00000000d7618000,0x00000000d7700000)
  to   space 1536K, 0% used [0x00000000d7400000,0x00000000d7400000,0x00000000d7580000)
 ParOldGen       total 125440K, used 1959K [0x0000000084c00000, 0x000000008c680000, 0x00000000d6f00000)
  object space 125440K, 1% used [0x0000000084c00000,0x0000000084de9db0,0x000000008c680000)
 Metaspace       used 12284K, capacity 12362K, committed 12544K, reserved 1060864K
  class space    used 1451K, capacity 1461K, committed 1536K, reserved 1048576K
Event: 62.468 GC heap after
Heap after GC invocations=11 (full 0):
 PSYoungGen      total 6656K, used 544K [0x00000000d6f00000, 0x00000000d7a00000, 0x0000000100000000)
  eden space 5120K, 0% used [0x00000000d6f00000,0x00000000d6f00000,0x00000000d7400000)
  from space 1536K, 35% used [0x00000000d7400000,0x00000000d7488000,0x00000000d7580000)
  to   space 1536K, 0% used [0x00000000d7880000,0x00000000d7880000,0x00000000d7a00000)
 ParOldGen       total 125440K, used 2435K [0x0000000084c00000, 0x000000008c680000, 0x00000000d6f00000)
  object space 125440K, 1% used [0x0000000084c00000,0x0000000084e60dc0,0x000000008c680000)
 Metaspace       used 12284K, capacity 12362K, committed 12544K, reserved 1060864K
  class space    used 1451K, capacity 1461K, committed 1536K, reserved 1048576K
}

