# JRE version: Java(TM) SE Runtime Environment (8.0-b132) (build 1.8.0-b132)
# Java VM: Java HotSpot(TM) 64-Bit Server VM (25.0-b70 mixed mode windows-amd64 compressed oops)
Heap:
 PSYoungGen      total 5632K, used 2187K [0x00000000d6f00000, 0x00000000d7b00000, 0x0000000100000000)
  eden space 4096K, 15% used [0x00000000d6f00000,0x00000000d6fa37f0,0x00000000d7300000)
  from space 1536K, 99% used [0x00000000d7300000,0x00000000d747f718,0x00000000d7480000)
  to   space 2048K, 0% used [0x00000000d7900000,0x00000000d7900000,0x00000000d7b00000)
 ParOldGen       total 125440K, used 1677K [0x0000000084c00000, 0x000000008c680000, 0x00000000d6f00000)
  object space 125440K, 1% used [0x0000000084c00000,0x0000000084da3560,0x000000008c680000)
 Metaspace       used 14808K, capacity 14966K, committed 15360K, reserved 1062912K
  class space    used 1877K, capacity 1943K, committed 2048K, reserved 1048576K
GC Heap History (10 events):
Event: 2.771 GC heap before
{Heap before GC invocations=3 (full 0):
 PSYoungGen      total 1536K, used 1536K [0x00000000d6f00000, 0x00000000d7100000, 0x0000000100000000)
  eden space 1024K, 100% used [0x00000000d6f00000,0x00000000d7000000,0x00000000d7000000)
  from space 512K, 100% used [0x00000000d7080000,0x00000000d7100000,0x00000000d7100000)
  to   space 512K, 0% used [0x00000000d7000000,0x00000000d7000000,0x00000000d7080000)
 ParOldGen       total 125440K, used 128K [0x0000000084c00000, 0x000000008c680000, 0x00000000d6f00000)
  object space 125440K, 0% used [0x0000000084c00000,0x0000000084c200d8,0x000000008c680000)
 Metaspace       used 7217K, capacity 7330K, committed 7680K, reserved 1056768K
  class space    used 875K, capacity 914K, committed 1024K, reserved 1048576K
Event: 2.773 GC heap after
Heap after GC invocations=3 (full 0):
 PSYoungGen      total 1536K, used 496K [0x00000000d6f00000, 0x00000000d7200000, 0x0000000100000000)
  eden space 1024K, 0% used [0x00000000d6f00000,0x00000000d6f00000,0x00000000d7000000)
  from space 512K, 96% used [0x00000000d7000000,0x00000000d707c010,0x00000000d7080000)
  to   space 512K, 0% used [0x00000000d7180000,0x00000000d7180000,0x00000000d7200000)
 ParOldGen       total 125440K, used 680K [0x0000000084c00000, 0x000000008c680000, 0x00000000d6f00000)
  object space 125440K, 0% used [0x0000000084c00000,0x0000000084caa0d8,0x000000008c680000)
 Metaspace       used 7217K, capacity 7330K, committed 7680K, reserved 1056768K
  class space    used 875K, capacity 914K, committed 1024K, reserved 1048576K
}
Event: 2.805 GC heap before
{Heap before GC invocations=4 (full 0):
 PSYoungGen      total 1536K, used 1520K [0x00000000d6f00000, 0x00000000d7200000, 0x0000000100000000)
  eden space 1024K, 100% used [0x00000000d6f00000,0x00000000d7000000,0x00000000d7000000)
  from space 512K, 96% used [0x00000000d7000000,0x00000000d707c010,0x00000000d7080000)
  to   space 512K, 0% used [0x00000000d7180000,0x00000000d7180000,0x00000000d7200000)
 ParOldGen       total 125440K, used 680K [0x0000000084c00000, 0x000000008c680000, 0x00000000d6f00000)
  object space 125440K, 0% used [0x0000000084c00000,0x0000000084caa0d8,0x000000008c680000)
 Metaspace       used 7468K, capacity 7556K, committed 7680K, reserved 1056768K
  class space    used 900K, capacity 948K, committed 1024K, reserved 1048576K
Event: 2.806 GC heap after
Heap after GC invocations=4 (full 0):
 PSYoungGen      total 2560K, used 496K [0x00000000d6f00000, 0x00000000d7200000, 0x0000000100000000)
  eden space 2048K, 0% used [0x00000000d6f00000,0x00000000d6f00000,0x00000000d7100000)
  from space 512K, 96% used [0x00000000d7180000,0x00000000d71fc010,0x00000000d7200000)
  to   space 512K, 0% used [0x00000000d7100000,0x00000000d7100000,0x00000000d7180000)
 ParOldGen       total 125440K, used 941K [0x0000000084c00000, 0x000000008c680000, 0x00000000d6f00000)
  object space 125440K, 0% used [0x0000000084c00000,0x0000000084ceb6e0,0x000000008c680000)
 Metaspace       used 7468K, capacity 7556K, committed 7680K, reserved 1056768K
  class space    used 900K, capacity 948K, committed 1024K, reserved 1048576K
}
Event: 2.929 GC heap before
{Heap before GC invocations=5 (full 0):
 PSYoungGen      total 2560K, used 2544K [0x00000000d6f00000, 0x00000000d7200000, 0x0000000100000000)
  eden space 2048K, 100% used [0x00000000d6f00000,0x00000000d7100000,0x00000000d7100000)
  from space 512K, 96% used [0x00000000d7180000,0x00000000d71fc010,0x00000000d7200000)
  to   space 512K, 0% used [0x00000000d7100000,0x00000000d7100000,0x00000000d7180000)
 ParOldGen       total 125440K, used 941K [0x0000000084c00000, 0x000000008c680000, 0x00000000d6f00000)
  object space 125440K, 0% used [0x0000000084c00000,0x0000000084ceb6e0,0x000000008c680000)
 Metaspace       used 9965K, capacity 10058K, committed 10240K, reserved 1058816K
  class space    used 1226K, capacity 1269K, committed 1280K, reserved 1048576K
Event: 2.931 GC heap after
Heap after GC invocations=5 (full 0):
 PSYoungGen      total 2560K, used 512K [0x00000000d6f00000, 0x00000000d7600000, 0x0000000100000000)
  eden space 2048K, 0% used [0x00000000d6f00000,0x00000000d6f00000,0x00000000d7100000)
  from space 512K, 100% used [0x00000000d7100000,0x00000000d7180000,0x00000000d7180000)
  to   space 1536K, 0% used [0x00000000d7480000,0x00000000d7480000,0x00000000d7600000)
 ParOldGen       total 125440K, used 1456K [0x0000000084c00000, 0x000000008c680000, 0x00000000d6f00000)
  object space 125440K, 1% used [0x0000000084c00000,0x0000000084d6c290,0x000000008c680000)
 Metaspace       used 9965K, capacity 10058K, committed 10240K, reserved 1058816K
  class space    used 1226K, capacity 1269K, committed 1280K, reserved 1048576K
}
Event: 3.031 GC heap before
{Heap before GC invocations=6 (full 0):
 PSYoungGen      total 2560K, used 2560K [0x00000000d6f00000, 0x00000000d7600000, 0x0000000100000000)
  eden space 2048K, 100% used [0x00000000d6f00000,0x00000000d7100000,0x00000000d7100000)
  from space 512K, 100% used [0x00000000d7100000,0x00000000d7180000,0x00000000d7180000)
  to   space 1536K, 0% used [0x00000000d7480000,0x00000000d7480000,0x00000000d7600000)
 ParOldGen       total 125440K, used 1456K [0x0000000084c00000, 0x000000008c680000, 0x00000000d6f00000)
  object space 125440K, 1% used [0x0000000084c00000,0x0000000084d6c290,0x000000008c680000)
 Metaspace       used 10881K, capacity 11018K, committed 11136K, reserved 1058816K
  class space    used 1327K, capacity 1397K, committed 1408K, reserved 1048576K
Event: 3.033 GC heap after
Heap after GC invocations=6 (full 0):
 PSYoungGen      total 5632K, used 989K [0x00000000d6f00000, 0x00000000d7600000, 0x0000000100000000)
  eden space 4096K, 0% used [0x00000000d6f00000,0x00000000d6f00000,0x00000000d7300000)
  from space 1536K, 64% used [0x00000000d7480000,0x00000000d7577648,0x00000000d7600000)
  to   space 1536K, 0% used [0x00000000d7300000,0x00000000d7300000,0x00000000d7480000)
 ParOldGen       total 125440K, used 1464K [0x0000000084c00000, 0x000000008c680000, 0x00000000d6f00000)
  object space 125440K, 1% used [0x0000000084c00000,0x0000000084d6e290,0x000000008c680000)
 Metaspace       used 10881K, capacity 11018K, committed 11136K, reserved 1058816K
  class space    used 1327K, capacity 1397K, committed 1408K, reserved 1048576K
}
Event: 17.015 GC heap before
{Heap before GC invocations=7 (full 0):
 PSYoungGen      total 5632K, used 5085K [0x00000000d6f00000, 0x00000000d7600000, 0x0000000100000000)
  eden space 4096K, 100% used [0x00000000d6f00000,0x00000000d7300000,0x00000000d7300000)
  from space 1536K, 64% used [0x00000000d7480000,0x00000000d7577648,0x00000000d7600000)
  to   space 1536K, 0% used [0x00000000d7300000,0x00000000d7300000,0x00000000d7480000)
 ParOldGen       total 125440K, used 1464K [0x0000000084c00000, 0x000000008c680000, 0x00000000d6f00000)
  object space 125440K, 1% used [0x0000000084c00000,0x0000000084d6e290,0x000000008c680000)
 Metaspace       used 14633K, capacity 14774K, committed 15104K, reserved 1062912K
  class space    used 1876K, capacity 1943K, committed 2048K, reserved 1048576K
Event: 17.018 GC heap after
Heap after GC invocations=7 (full 0):
 PSYoungGen      total 5632K, used 1533K [0x00000000d6f00000, 0x00000000d7b00000, 0x0000000100000000)
  eden space 4096K, 0% used [0x00000000d6f00000,0x00000000d6f00000,0x00000000d7300000)
  from space 1536K, 99% used [0x00000000d7300000,0x00000000d747f718,0x00000000d7480000)
  to   space 2048K, 0% used [0x00000000d7900000,0x00000000d7900000,0x00000000d7b00000)
 ParOldGen       total 125440K, used 1677K [0x0000000084c00000, 0x000000008c680000, 0x00000000d6f00000)
  object space 125440K, 1% used [0x0000000084c00000,0x0000000084da3560,0x000000008c680000)
 Metaspace       used 14633K, capacity 14774K, committed 15104K, reserved 1062912K
  class space    used 1876K, capacity 1943K, committed 2048K, reserved 1048576K
}

