# JRE version: Java(TM) SE Runtime Environment (8.0_60-b27) (build 1.8.0_60-b27)
# Java VM: Java HotSpot(TM) Client VM (25.60-b23 mixed mode windows-x86 )
Heap:
 def new generation   total 4928K, used 4337K [0x04400000, 0x04950000, 0x09950000)
  eden space 4416K,  86% used [0x04400000, 0x047bc760, 0x04850000)
  from space 512K, 100% used [0x04850000, 0x048d0000, 0x048d0000)
  to   space 512K,   0% used [0x048d0000, 0x048d0000, 0x04950000)
 tenured generation   total 10944K, used 6616K [0x09950000, 0x0a400000, 0x14400000)
   the space 10944K,  60% used [0x09950000, 0x09fc6148, 0x09fc6200, 0x0a400000)
 Metaspace       used 7601K, capacity 7798K, committed 7936K, reserved 8576K
GC Heap History (10 events):
Event: 18.285 GC heap before
{Heap before GC invocations=1 (full 0):
 def new generation   total 4928K, used 4928K [0x04400000, 0x04950000, 0x09950000)
  eden space 4416K, 100% used [0x04400000, 0x04850000, 0x04850000)
  from space 512K, 100% used [0x048d0000, 0x04950000, 0x04950000)
  to   space 512K,   0% used [0x04850000, 0x04850000, 0x048d0000)
 tenured generation   total 10944K, used 298K [0x09950000, 0x0a400000, 0x14400000)
   the space 10944K,   2% used [0x09950000, 0x0999a940, 0x0999aa00, 0x0a400000)
 Metaspace       used 5888K, capacity 6055K, committed 6144K, reserved 6528K
Event: 18.290 GC heap after
Heap after GC invocations=2 (full 0):
 def new generation   total 4928K, used 512K [0x04400000, 0x04950000, 0x09950000)
  eden space 4416K,   0% used [0x04400000, 0x04400000, 0x04850000)
  from space 512K, 100% used [0x04850000, 0x048d0000, 0x048d0000)
  to   space 512K,   0% used [0x048d0000, 0x048d0000, 0x04950000)
 tenured generation   total 10944K, used 1800K [0x09950000, 0x0a400000, 0x14400000)
   the space 10944K,  16% used [0x09950000, 0x09b12290, 0x09b12400, 0x0a400000)
 Metaspace       used 5888K, capacity 6055K, committed 6144K, reserved 6528K
}
Event: 18.327 GC heap before
{Heap before GC invocations=2 (full 0):
 def new generation   total 4928K, used 4928K [0x04400000, 0x04950000, 0x09950000)
  eden space 4416K, 100% used [0x04400000, 0x04850000, 0x04850000)
  from space 512K, 100% used [0x04850000, 0x048d0000, 0x048d0000)
  to   space 512K,   0% used [0x048d0000, 0x048d0000, 0x04950000)
 tenured generation   total 10944K, used 1800K [0x09950000, 0x0a400000, 0x14400000)
   the space 10944K,  16% used [0x09950000, 0x09b12290, 0x09b12400, 0x0a400000)
 Metaspace       used 6301K, capacity 6471K, committed 6528K, reserved 6528K
Event: 18.332 GC heap after
Heap after GC invocations=3 (full 0):
 def new generation   total 4928K, used 512K [0x04400000, 0x04950000, 0x09950000)
  eden space 4416K,   0% used [0x04400000, 0x04400000, 0x04850000)
  from space 512K, 100% used [0x048d0000, 0x04950000, 0x04950000)
  to   space 512K,   0% used [0x04850000, 0x04850000, 0x048d0000)
 tenured generation   total 10944K, used 3893K [0x09950000, 0x0a400000, 0x14400000)
   the space 10944K,  35% used [0x09950000, 0x09d1d4e0, 0x09d1d600, 0x0a400000)
 Metaspace       used 6301K, capacity 6471K, committed 6528K, reserved 6528K
}
Event: 18.386 GC heap before
{Heap before GC invocations=3 (full 0):
 def new generation   total 4928K, used 4762K [0x04400000, 0x04950000, 0x09950000)
  eden space 4416K,  96% used [0x04400000, 0x04826a68, 0x04850000)
  from space 512K, 100% used [0x048d0000, 0x04950000, 0x04950000)
  to   space 512K,   0% used [0x04850000, 0x04850000, 0x048d0000)
 tenured generation   total 10944K, used 3893K [0x09950000, 0x0a400000, 0x14400000)
   the space 10944K,  35% used [0x09950000, 0x09d1d4e0, 0x09d1d600, 0x0a400000)
 Metaspace       used 6735K, capacity 6889K, committed 6912K, reserved 7552K
Event: 18.390 GC heap after
Heap after GC invocations=4 (full 0):
 def new generation   total 4928K, used 512K [0x04400000, 0x04950000, 0x09950000)
  eden space 4416K,   0% used [0x04400000, 0x04400000, 0x04850000)
  from space 512K, 100% used [0x04850000, 0x048d0000, 0x048d0000)
  to   space 512K,   0% used [0x048d0000, 0x048d0000, 0x04950000)
 tenured generation   total 10944K, used 5254K [0x09950000, 0x0a400000, 0x14400000)
   the space 10944K,  48% used [0x09950000, 0x09e71b10, 0x09e71c00, 0x0a400000)
 Metaspace       used 6735K, capacity 6889K, committed 6912K, reserved 7552K
}
Event: 18.511 GC heap before
{Heap before GC invocations=4 (full 0):
 def new generation   total 4928K, used 4928K [0x04400000, 0x04950000, 0x09950000)
  eden space 4416K, 100% used [0x04400000, 0x04850000, 0x04850000)
  from space 512K, 100% used [0x04850000, 0x048d0000, 0x048d0000)
  to   space 512K,   0% used [0x048d0000, 0x048d0000, 0x04950000)
 tenured generation   total 10944K, used 5254K [0x09950000, 0x0a400000, 0x14400000)
   the space 10944K,  48% used [0x09950000, 0x09e71b10, 0x09e71c00, 0x0a400000)
 Metaspace       used 7082K, capacity 7241K, committed 7296K, reserved 7552K
Event: 18.513 GC heap after
Heap after GC invocations=5 (full 0):
 def new generation   total 4928K, used 461K [0x04400000, 0x04950000, 0x09950000)
  eden space 4416K,   0% used [0x04400000, 0x04400000, 0x04850000)
  from space 512K,  90% used [0x048d0000, 0x049434c0, 0x04950000)
  to   space 512K,   0% used [0x04850000, 0x04850000, 0x048d0000)
 tenured generation   total 10944K, used 5402K [0x09950000, 0x0a400000, 0x14400000)
   the space 10944K,  49% used [0x09950000, 0x09e969f0, 0x09e96a00, 0x0a400000)
 Metaspace       used 7082K, capacity 7241K, committed 7296K, reserved 7552K
}
Event: 21.782 GC heap before
{Heap before GC invocations=5 (full 0):
 def new generation   total 4928K, used 4833K [0x04400000, 0x04950000, 0x09950000)
  eden space 4416K,  99% used [0x04400000, 0x04845148, 0x04850000)
  from space 512K,  90% used [0x048d0000, 0x049434c0, 0x04950000)
  to   space 512K,   0% used [0x04850000, 0x04850000, 0x048d0000)
 tenured generation   total 10944K, used 5402K [0x09950000, 0x0a400000, 0x14400000)
   the space 10944K,  49% used [0x09950000, 0x09e969f0, 0x09e96a00, 0x0a400000)
 Metaspace       used 7593K, capacity 7798K, committed 7936K, reserved 8576K
Event: 21.784 GC heap after
Heap after GC invocations=6 (full 0):
 def new generation   total 4928K, used 512K [0x04400000, 0x04950000, 0x09950000)
  eden space 4416K,   0% used [0x04400000, 0x04400000, 0x04850000)
  from space 512K, 100% used [0x04850000, 0x048d0000, 0x048d0000)
  to   space 512K,   0% used [0x048d0000, 0x048d0000, 0x04950000)
 tenured generation   total 10944K, used 6616K [0x09950000, 0x0a400000, 0x14400000)
   the space 10944K,  60% used [0x09950000, 0x09fc6148, 0x09fc6200, 0x0a400000)
 Metaspace       used 7593K, capacity 7798K, committed 7936K, reserved 8576K
}

